2022-11-19 01:15:39.875 [info] Validating found git in: git
2022-11-19 01:15:39.875 [info] Using git 2.38.1 from git
2022-11-19 01:15:39.875 [info] > git rev-parse --show-toplevel [3ms]
2022-11-19 01:15:39.875 [info] fatal: not a git repository (or any parent up to mount point /)
Stopping at filesystem boundary (GIT_DISCOVERY_ACROSS_FILESYSTEM not set).
2022-11-19 01:15:39.875 [info] > git rev-parse --show-toplevel [1ms]
2022-11-19 01:15:39.875 [info] > git rev-parse --git-dir --git-common-dir [1ms]
2022-11-19 01:15:39.875 [info] Log level: Info
2022-11-19 01:15:39.875 [info] Open repository: /home/liljekvist/.config
2022-11-19 01:15:39.875 [info] > git status -z -uall [30ms]
2022-11-19 01:15:39.875 [info] > git rev-parse --show-toplevel [24ms]
2022-11-19 01:15:39.875 [info] fatal: not a git repository (or any parent up to mount point /)
Stopping at filesystem boundary (GIT_DISCOVERY_ACROSS_FILESYSTEM not set).
2022-11-19 01:15:39.875 [info] > git remote --verbose [45ms]
2022-11-19 01:15:39.875 [info] > git for-each-ref --sort -committerdate --format %(refname) %(objectname) %(*objectname) [50ms]
2022-11-19 01:15:39.875 [info] > git rev-parse --show-toplevel [8ms]
2022-11-19 01:15:39.875 [info] fatal: not a git repository (or any parent up to mount point /)
Stopping at filesystem boundary (GIT_DISCOVERY_ACROSS_FILESYSTEM not set).
2022-11-19 01:15:39.875 [info] > git config --get commit.template [17ms]
2022-11-19 01:15:39.875 [info] > git rev-parse --show-toplevel [1ms]
2022-11-19 01:15:39.875 [info] fatal: not a git repository (or any parent up to mount point /)
Stopping at filesystem boundary (GIT_DISCOVERY_ACROSS_FILESYSTEM not set).
2022-11-19 01:15:39.875 [info] > git rev-parse --show-toplevel [5ms]
2022-11-19 01:15:39.875 [info] fatal: not a git repository (or any parent up to mount point /)
Stopping at filesystem boundary (GIT_DISCOVERY_ACROSS_FILESYSTEM not set).
2022-11-19 01:15:39.875 [info] > git for-each-ref --format=%(refname)%00%(upstream:short)%00%(objectname)%00%(upstream:track)%00%(upstream:remotename)%00%(upstream:remoteref) refs/heads/master refs/remotes/master [5ms]
2022-11-19 01:15:39.887 [info] > git status -z -uall [104ms]
2022-11-19 01:15:39.891 [info] > git remote --verbose [112ms]
2022-11-19 01:15:39.891 [info] > git for-each-ref --sort -committerdate --format %(refname) %(objectname) %(*objectname) [116ms]
2022-11-19 01:15:39.891 [info] > git rev-parse --show-toplevel [140ms]
2022-11-19 01:15:39.891 [info] fatal: not a git repository (or any parent up to mount point /)
Stopping at filesystem boundary (GIT_DISCOVERY_ACROSS_FILESYSTEM not set).
2022-11-19 01:15:39.897 [info] > git rev-parse --show-toplevel [2ms]
2022-11-19 01:15:39.897 [info] fatal: not a git repository (or any parent up to mount point /)
Stopping at filesystem boundary (GIT_DISCOVERY_ACROSS_FILESYSTEM not set).
2022-11-19 01:15:39.902 [info] > git config --get commit.template [15ms]
2022-11-19 01:15:39.902 [info] > git rev-parse --show-toplevel [1ms]
2022-11-19 01:15:39.902 [info] fatal: not a git repository (or any parent up to mount point /)
Stopping at filesystem boundary (GIT_DISCOVERY_ACROSS_FILESYSTEM not set).
2022-11-19 01:15:39.913 [info] > git rev-parse --show-toplevel [5ms]
2022-11-19 01:15:39.913 [info] fatal: not a git repository (or any parent up to mount point /)
Stopping at filesystem boundary (GIT_DISCOVERY_ACROSS_FILESYSTEM not set).
2022-11-19 01:15:39.917 [info] > git for-each-ref --format=%(refname)%00%(upstream:short)%00%(objectname)%00%(upstream:track)%00%(upstream:remotename)%00%(upstream:remoteref) refs/heads/master refs/remotes/master [5ms]
2022-11-19 01:15:39.928 [info] > git rev-parse --show-toplevel [11ms]
2022-11-19 01:15:39.928 [info] fatal: not a git repository (or any parent up to mount point /)
Stopping at filesystem boundary (GIT_DISCOVERY_ACROSS_FILESYSTEM not set).
2022-11-19 01:15:39.933 [info] > git rev-parse --show-toplevel [1ms]
2022-11-19 01:15:39.933 [info] fatal: not a git repository (or any parent up to mount point /)
Stopping at filesystem boundary (GIT_DISCOVERY_ACROSS_FILESYSTEM not set).
2022-11-19 01:15:39.938 [info] > git rev-parse --show-toplevel [1ms]
2022-11-19 01:15:39.943 [info] > git rev-parse --git-dir --git-common-dir [1ms]
2022-11-19 01:15:39.947 [info] Log level: Info
2022-11-19 01:15:39.947 [info] Open repository: /home/liljekvist/dotfiles
2022-11-19 01:15:39.972 [info] > git status -z -uall [11ms]
2022-11-19 01:15:39.972 [info] > git rev-parse --show-toplevel [6ms]
2022-11-19 01:15:39.972 [info] fatal: not a git repository (or any parent up to mount point /)
Stopping at filesystem boundary (GIT_DISCOVERY_ACROSS_FILESYSTEM not set).
2022-11-19 01:15:39.977 [info] > git remote --verbose [21ms]
2022-11-19 01:15:39.977 [info] > git for-each-ref --sort -committerdate --format %(refname) %(objectname) %(*objectname) [25ms]
2022-11-19 01:15:39.978 [info] > git rev-parse --show-toplevel [2ms]
2022-11-19 01:15:39.982 [info] > git config --get commit.template [11ms]
2022-11-19 01:15:39.983 [info] > git rev-parse --git-dir --git-common-dir [0ms]
2022-11-19 01:15:39.986 [info] Log level: Info
2022-11-19 01:15:39.986 [info] Open repository: /home/liljekvist/yay
2022-11-19 01:15:40.011 [info] > git status -z -uall [14ms]
2022-11-19 01:15:40.011 [info] > git rev-parse --show-toplevel [10ms]
2022-11-19 01:15:40.011 [info] fatal: not a git repository (or any parent up to mount point /)
Stopping at filesystem boundary (GIT_DISCOVERY_ACROSS_FILESYSTEM not set).
2022-11-19 01:15:40.011 [info] > git remote --verbose [17ms]
2022-11-19 01:15:40.012 [info] > git for-each-ref --sort -committerdate --format %(refname) %(objectname) %(*objectname) [21ms]
2022-11-19 01:15:40.012 [info] > git config --get commit.template [3ms]
2022-11-19 01:15:40.012 [info] > git for-each-ref --format=%(refname)%00%(upstream:short)%00%(objectname)%00%(upstream:track)%00%(upstream:remotename)%00%(upstream:remoteref) refs/heads/master refs/remotes/master [7ms]
2022-11-19 01:15:40.098 [info] > git for-each-ref --format=%(refname)%00%(upstream:short)%00%(objectname)%00%(upstream:track)%00%(upstream:remotename)%00%(upstream:remoteref) refs/heads/master refs/remotes/master [80ms]
2022-11-19 01:15:40.119 [info] > git rev-parse --show-toplevel [1ms]
2022-11-19 01:15:40.119 [info] fatal: not a git repository (or any parent up to mount point /)
Stopping at filesystem boundary (GIT_DISCOVERY_ACROSS_FILESYSTEM not set).
2022-11-19 01:15:40.211 [info] > git check-ignore -v -z --stdin [1ms]
2022-11-19 01:15:40.394 [info] > git show --textconv :hikari/hikari.conf [13ms]
2022-11-19 01:15:40.399 [info] > git ls-files --stage -- /home/liljekvist/.config/hikari/hikari.conf [7ms]
2022-11-19 01:15:41.960 [info] > git status -z -uall [4ms]
2022-11-19 01:15:41.960 [info] > git remote --verbose [8ms]
2022-11-19 01:15:41.960 [info] > git for-each-ref --sort -committerdate --format %(refname) %(objectname) %(*objectname) [12ms]
2022-11-19 01:15:41.961 [info] > git config --get commit.template [1ms]
2022-11-19 01:15:41.968 [info] > git for-each-ref --format=%(refname)%00%(upstream:short)%00%(objectname)%00%(upstream:track)%00%(upstream:remotename)%00%(upstream:remoteref) refs/heads/master refs/remotes/master [1ms]
