2022-11-19 01:03:11.969 [info] Validating found git in: git
2022-11-19 01:03:11.969 [info] Using git 2.38.1 from git
2022-11-19 01:03:11.969 [info] > git rev-parse --show-toplevel [5ms]
2022-11-19 01:03:11.969 [info] > git rev-parse --git-dir --git-common-dir [1ms]
2022-11-19 01:03:11.969 [info] Log level: Info
2022-11-19 01:03:11.969 [info] Open repository: /home/liljekvist/.config
2022-11-19 01:03:11.971 [info] > git status -z -uall [30ms]
2022-11-19 01:03:11.971 [info] > git rev-parse --show-toplevel [23ms]
2022-11-19 01:03:11.979 [info] > git remote --verbose [42ms]
2022-11-19 01:03:11.979 [info] > git for-each-ref --sort -committerdate --format %(refname) %(objectname) %(*objectname) [46ms]
2022-11-19 01:03:11.982 [info] > git rev-parse --show-toplevel [6ms]
2022-11-19 01:03:11.988 [info] > git config --get commit.template [33ms]
2022-11-19 01:03:11.997 [info] > git rev-parse --show-toplevel [10ms]
2022-11-19 01:03:12.007 [info] > git rev-parse --show-toplevel [6ms]
2022-11-19 01:03:12.014 [info] > git for-each-ref --format=%(refname)%00%(upstream:short)%00%(objectname)%00%(upstream:track)%00%(upstream:remotename)%00%(upstream:remoteref) refs/heads/master refs/remotes/master [8ms]
2022-11-19 01:03:12.119 [info] > git status -z -uall [71ms]
2022-11-19 01:03:12.123 [info] > git remote --verbose [81ms]
2022-11-19 01:03:12.123 [info] > git for-each-ref --sort -committerdate --format %(refname) %(objectname) %(*objectname) [86ms]
2022-11-19 01:03:12.123 [info] > git rev-parse --show-toplevel [112ms]
2022-11-19 01:03:12.128 [info] > git config --get commit.template [10ms]
2022-11-19 01:03:12.128 [info] > git rev-parse --show-toplevel [1ms]
2022-11-19 01:03:12.138 [info] > git rev-parse --show-toplevel [6ms]
2022-11-19 01:03:12.143 [info] > git for-each-ref --format=%(refname)%00%(upstream:short)%00%(objectname)%00%(upstream:track)%00%(upstream:remotename)%00%(upstream:remoteref) refs/heads/master refs/remotes/master [6ms]
2022-11-19 01:03:12.150 [info] > git rev-parse --show-toplevel [8ms]
2022-11-19 01:03:12.156 [info] > git rev-parse --show-toplevel [1ms]
2022-11-19 01:03:12.164 [info] > git rev-parse --show-toplevel [3ms]
2022-11-19 01:03:12.169 [info] > git rev-parse --show-toplevel [1ms]
2022-11-19 01:03:12.173 [info] > git rev-parse --show-toplevel [1ms]
2022-11-19 01:03:12.178 [info] > git rev-parse --show-toplevel [1ms]
2022-11-19 01:03:12.182 [info] > git rev-parse --show-toplevel [1ms]
2022-11-19 01:03:12.188 [info] > git rev-parse --show-toplevel [0ms]
2022-11-19 01:03:12.193 [info] > git rev-parse --show-toplevel [0ms]
2022-11-19 01:03:12.199 [info] > git rev-parse --show-toplevel [1ms]
2022-11-19 01:03:12.204 [info] > git rev-parse --show-toplevel [1ms]
2022-11-19 01:03:12.208 [info] > git rev-parse --show-toplevel [1ms]
2022-11-19 01:03:12.212 [info] > git rev-parse --show-toplevel [0ms]
2022-11-19 01:03:12.217 [info] > git rev-parse --show-toplevel [0ms]
2022-11-19 01:03:12.221 [info] > git rev-parse --show-toplevel [1ms]
2022-11-19 01:03:12.226 [info] > git rev-parse --show-toplevel [1ms]
2022-11-19 01:03:12.230 [info] > git rev-parse --show-toplevel [1ms]
2022-11-19 01:03:12.234 [info] > git rev-parse --show-toplevel [0ms]
2022-11-19 01:03:12.239 [info] > git rev-parse --show-toplevel [1ms]
2022-11-19 01:03:12.243 [info] > git rev-parse --show-toplevel [1ms]
2022-11-19 01:03:12.313 [info] > git rev-parse --show-toplevel [66ms]
2022-11-19 01:03:12.464 [info] > git check-ignore -v -z --stdin [1ms]
2022-11-19 01:03:14.209 [info] > git status -z -uall [6ms]
2022-11-19 01:03:14.209 [info] > git remote --verbose [10ms]
2022-11-19 01:03:14.209 [info] > git for-each-ref --sort -committerdate --format %(refname) %(objectname) %(*objectname) [13ms]
2022-11-19 01:03:14.210 [info] > git config --get commit.template [2ms]
2022-11-19 01:03:14.218 [info] > git for-each-ref --format=%(refname)%00%(upstream:short)%00%(objectname)%00%(upstream:track)%00%(upstream:remotename)%00%(upstream:remoteref) refs/heads/master refs/remotes/master [1ms]
2022-11-19 01:03:19.275 [info] > git status -z -uall [14ms]
2022-11-19 01:03:19.275 [info] > git remote --verbose [27ms]
2022-11-19 01:03:19.276 [info] > git for-each-ref --sort -committerdate --format %(refname) %(objectname) %(*objectname) [40ms]
2022-11-19 01:03:19.278 [info] > git config --get commit.template [4ms]
2022-11-19 01:03:19.294 [info] > git for-each-ref --format=%(refname)%00%(upstream:short)%00%(objectname)%00%(upstream:track)%00%(upstream:remotename)%00%(upstream:remoteref) refs/heads/master refs/remotes/master [3ms]
2022-11-19 01:03:19.474 [info] > git check-ignore -v -z --stdin [1ms]
2022-11-19 01:03:24.328 [info] > git status -z -uall [4ms]
2022-11-19 01:03:24.328 [info] > git remote --verbose [7ms]
2022-11-19 01:03:24.328 [info] > git for-each-ref --sort -committerdate --format %(refname) %(objectname) %(*objectname) [10ms]
2022-11-19 01:03:24.330 [info] > git config --get commit.template [2ms]
2022-11-19 01:03:24.336 [info] > git for-each-ref --format=%(refname)%00%(upstream:short)%00%(objectname)%00%(upstream:track)%00%(upstream:remotename)%00%(upstream:remoteref) refs/heads/master refs/remotes/master [1ms]
