2022-11-19 01:50:45.970 [info] Validating found git in: git
2022-11-19 01:50:45.970 [info] Using git 2.38.1 from git
2022-11-19 01:50:45.970 [info] > git rev-parse --show-toplevel [4ms]
2022-11-19 01:50:45.970 [info] fatal: not a git repository (or any parent up to mount point /)
Stopping at filesystem boundary (GIT_DISCOVERY_ACROSS_FILESYSTEM not set).
2022-11-19 01:50:45.970 [info] > git rev-parse --show-toplevel [1ms]
2022-11-19 01:50:45.970 [info] > git rev-parse --git-dir --git-common-dir [1ms]
2022-11-19 01:50:45.970 [info] Log level: Info
2022-11-19 01:50:45.970 [info] Open repository: /home/liljekvist/.config
2022-11-19 01:50:45.970 [info] > git status -z -uall [33ms]
2022-11-19 01:50:45.971 [info] > git rev-parse --show-toplevel [27ms]
2022-11-19 01:50:45.971 [info] fatal: not a git repository (or any parent up to mount point /)
Stopping at filesystem boundary (GIT_DISCOVERY_ACROSS_FILESYSTEM not set).
2022-11-19 01:50:45.971 [info] > git remote --verbose [47ms]
2022-11-19 01:50:45.971 [info] > git for-each-ref --sort -committerdate --format %(refname) %(objectname) %(*objectname) [50ms]
2022-11-19 01:50:45.971 [info] > git rev-parse --show-toplevel [10ms]
2022-11-19 01:50:45.971 [info] fatal: not a git repository (or any parent up to mount point /)
Stopping at filesystem boundary (GIT_DISCOVERY_ACROSS_FILESYSTEM not set).
2022-11-19 01:50:45.971 [info] > git config --get commit.template [40ms]
2022-11-19 01:50:45.971 [info] > git rev-parse --show-toplevel [1ms]
2022-11-19 01:50:45.971 [info] fatal: not a git repository (or any parent up to mount point /)
Stopping at filesystem boundary (GIT_DISCOVERY_ACROSS_FILESYSTEM not set).
2022-11-19 01:50:45.971 [info] > git for-each-ref --format=%(refname)%00%(upstream:short)%00%(objectname)%00%(upstream:track)%00%(upstream:remotename)%00%(upstream:remoteref) refs/heads/master refs/remotes/master [1ms]
2022-11-19 01:50:45.971 [info] > git rev-parse --show-toplevel [37ms]
2022-11-19 01:50:45.971 [info] fatal: not a git repository (or any parent up to mount point /)
Stopping at filesystem boundary (GIT_DISCOVERY_ACROSS_FILESYSTEM not set).
2022-11-19 01:50:45.971 [info] > git status -z -uall [89ms]
2022-11-19 01:50:45.971 [info] > git rev-parse --show-toplevel [84ms]
2022-11-19 01:50:45.971 [info] fatal: not a git repository (or any parent up to mount point /)
Stopping at filesystem boundary (GIT_DISCOVERY_ACROSS_FILESYSTEM not set).
2022-11-19 01:50:45.971 [info] > git remote --verbose [100ms]
2022-11-19 01:50:45.971 [info] > git for-each-ref --sort -committerdate --format %(refname) %(objectname) %(*objectname) [103ms]
2022-11-19 01:50:45.971 [info] > git rev-parse --show-toplevel [5ms]
2022-11-19 01:50:45.971 [info] fatal: not a git repository (or any parent up to mount point /)
Stopping at filesystem boundary (GIT_DISCOVERY_ACROSS_FILESYSTEM not set).
2022-11-19 01:50:45.971 [info] > git config --get commit.template [14ms]
2022-11-19 01:50:45.971 [info] > git rev-parse --show-toplevel [10ms]
2022-11-19 01:50:45.971 [info] fatal: not a git repository (or any parent up to mount point /)
Stopping at filesystem boundary (GIT_DISCOVERY_ACROSS_FILESYSTEM not set).
2022-11-19 01:50:45.971 [info] > git for-each-ref --format=%(refname)%00%(upstream:short)%00%(objectname)%00%(upstream:track)%00%(upstream:remotename)%00%(upstream:remoteref) refs/heads/master refs/remotes/master [10ms]
2022-11-19 01:50:45.971 [info] > git rev-parse --show-toplevel [8ms]
2022-11-19 01:50:45.971 [info] fatal: not a git repository (or any parent up to mount point /)
Stopping at filesystem boundary (GIT_DISCOVERY_ACROSS_FILESYSTEM not set).
2022-11-19 01:50:45.971 [info] > git rev-parse --show-toplevel [1ms]
2022-11-19 01:50:45.971 [info] fatal: not a git repository (or any parent up to mount point /)
Stopping at filesystem boundary (GIT_DISCOVERY_ACROSS_FILESYSTEM not set).
2022-11-19 01:50:45.971 [info] > git rev-parse --show-toplevel [1ms]
2022-11-19 01:50:45.971 [info] fatal: not a git repository (or any parent up to mount point /)
Stopping at filesystem boundary (GIT_DISCOVERY_ACROSS_FILESYSTEM not set).
2022-11-19 01:50:45.971 [info] > git rev-parse --show-toplevel [2ms]
2022-11-19 01:50:45.971 [info] fatal: not a git repository (or any parent up to mount point /)
Stopping at filesystem boundary (GIT_DISCOVERY_ACROSS_FILESYSTEM not set).
2022-11-19 01:50:45.977 [info] > git rev-parse --show-toplevel [1ms]
2022-11-19 01:50:45.982 [info] > git rev-parse --git-dir --git-common-dir [1ms]
2022-11-19 01:50:45.984 [info] Log level: Info
2022-11-19 01:50:45.984 [info] Open repository: /home/liljekvist/dotfiles
2022-11-19 01:50:46.008 [info] > git status -z -uall [13ms]
2022-11-19 01:50:46.008 [info] > git remote --verbose [17ms]
2022-11-19 01:50:46.009 [info] > git for-each-ref --sort -committerdate --format %(refname) %(objectname) %(*objectname) [21ms]
2022-11-19 01:50:46.010 [info] > git config --get commit.template [8ms]
2022-11-19 01:50:46.010 [info] > git rev-parse --show-toplevel [12ms]
2022-11-19 01:50:46.010 [info] fatal: not a git repository (or any parent up to mount point /)
Stopping at filesystem boundary (GIT_DISCOVERY_ACROSS_FILESYSTEM not set).
2022-11-19 01:50:46.020 [info] > git rev-parse --show-toplevel [6ms]
2022-11-19 01:50:46.020 [info] fatal: not a git repository (or any parent up to mount point /)
Stopping at filesystem boundary (GIT_DISCOVERY_ACROSS_FILESYSTEM not set).
2022-11-19 01:50:46.024 [info] > git for-each-ref --format=%(refname)%00%(upstream:short)%00%(objectname)%00%(upstream:track)%00%(upstream:remotename)%00%(upstream:remoteref) refs/heads/master refs/remotes/master [5ms]
2022-11-19 01:50:46.027 [info] > git rev-parse --show-toplevel [4ms]
2022-11-19 01:50:46.031 [info] > git rev-parse --git-dir --git-common-dir [1ms]
2022-11-19 01:50:46.033 [info] Log level: Info
2022-11-19 01:50:46.033 [info] Open repository: /home/liljekvist/yay
2022-11-19 01:50:46.051 [info] > git status -z -uall [8ms]
2022-11-19 01:50:46.052 [info] > git rev-parse --show-toplevel [4ms]
2022-11-19 01:50:46.052 [info] fatal: not a git repository (or any parent up to mount point /)
Stopping at filesystem boundary (GIT_DISCOVERY_ACROSS_FILESYSTEM not set).
2022-11-19 01:50:46.056 [info] > git remote --verbose [17ms]
2022-11-19 01:50:46.056 [info] > git for-each-ref --sort -committerdate --format %(refname) %(objectname) %(*objectname) [20ms]
2022-11-19 01:50:46.136 [info] > git rev-parse --show-toplevel [81ms]
2022-11-19 01:50:46.136 [info] fatal: not a git repository (or any parent up to mount point /)
Stopping at filesystem boundary (GIT_DISCOVERY_ACROSS_FILESYSTEM not set).
2022-11-19 01:50:46.137 [info] > git config --get commit.template [86ms]
2022-11-19 01:50:46.143 [info] > git for-each-ref --format=%(refname)%00%(upstream:short)%00%(objectname)%00%(upstream:track)%00%(upstream:remotename)%00%(upstream:remoteref) refs/heads/master refs/remotes/master [2ms]
2022-11-19 01:50:46.304 [info] > git check-ignore -v -z --stdin [3ms]
2022-11-19 01:50:46.432 [info] > git show --textconv :fish/config.fish [9ms]
2022-11-19 01:50:46.433 [info] > git ls-files --stage -- /home/liljekvist/.config/fish/config.fish [2ms]
2022-11-19 01:50:46.441 [info] > git cat-file -s a19f8e5268f427675f8a8b45dbffd4bba0052d21 [2ms]
2022-11-19 01:50:48.352 [info] > git check-ignore -v -z --stdin [1ms]
2022-11-19 01:50:48.768 [info] > git status -z -uall [6ms]
2022-11-19 01:50:48.768 [info] > git remote --verbose [11ms]
2022-11-19 01:50:48.769 [info] > git for-each-ref --sort -committerdate --format %(refname) %(objectname) %(*objectname) [16ms]
2022-11-19 01:50:48.769 [info] > git config --get commit.template [1ms]
2022-11-19 01:50:48.778 [info] > git for-each-ref --format=%(refname)%00%(upstream:short)%00%(objectname)%00%(upstream:track)%00%(upstream:remotename)%00%(upstream:remoteref) refs/heads/master refs/remotes/master [2ms]
2022-11-19 01:50:53.835 [info] > git remote --verbose [26ms]
2022-11-19 01:50:53.836 [info] > git for-each-ref --sort -committerdate --format %(refname) %(objectname) %(*objectname) [38ms]
2022-11-19 01:50:53.845 [info] > git status -z -uall [23ms]
2022-11-19 01:50:53.845 [info] > git config --get commit.template [11ms]
2022-11-19 01:50:53.849 [info] > git check-ignore -v -z --stdin [7ms]
2022-11-19 01:50:53.855 [info] > git for-each-ref --format=%(refname)%00%(upstream:short)%00%(objectname)%00%(upstream:track)%00%(upstream:remotename)%00%(upstream:remoteref) refs/heads/master refs/remotes/master [1ms]
2022-11-19 01:50:57.103 [info] > git check-ignore -v -z --stdin [1ms]
2022-11-19 01:50:58.884 [info] > git remote --verbose [7ms]
2022-11-19 01:50:58.884 [info] > git for-each-ref --sort -committerdate --format %(refname) %(objectname) %(*objectname) [10ms]
2022-11-19 01:50:58.885 [info] > git status -z -uall [5ms]
2022-11-19 01:50:58.885 [info] > git config --get commit.template [2ms]
2022-11-19 01:50:58.891 [info] > git for-each-ref --format=%(refname)%00%(upstream:short)%00%(objectname)%00%(upstream:track)%00%(upstream:remotename)%00%(upstream:remoteref) refs/heads/master refs/remotes/master [1ms]
2022-11-19 01:51:00.688 [info] > git check-ignore -v -z --stdin [3ms]
2022-11-19 01:51:01.316 [info] > git show --textconv :hypr/hyprland.conf [4ms]
2022-11-19 01:51:01.316 [info] > git ls-files --stage -- /home/liljekvist/.config/hypr/hyprland.conf [1ms]
2022-11-19 01:51:03.912 [info] > git remote --verbose [7ms]
2022-11-19 01:51:03.912 [info] > git for-each-ref --sort -committerdate --format %(refname) %(objectname) %(*objectname) [10ms]
2022-11-19 01:51:03.913 [info] > git status -z -uall [6ms]
2022-11-19 01:51:03.913 [info] > git config --get commit.template [2ms]
2022-11-19 01:51:03.919 [info] > git for-each-ref --format=%(refname)%00%(upstream:short)%00%(objectname)%00%(upstream:track)%00%(upstream:remotename)%00%(upstream:remoteref) refs/heads/master refs/remotes/master [1ms]
2022-11-19 01:51:08.943 [info] > git remote --verbose [7ms]
2022-11-19 01:51:08.943 [info] > git for-each-ref --sort -committerdate --format %(refname) %(objectname) %(*objectname) [10ms]
2022-11-19 01:51:08.944 [info] > git status -z -uall [5ms]
2022-11-19 01:51:08.944 [info] > git config --get commit.template [2ms]
2022-11-19 01:51:08.950 [info] > git for-each-ref --format=%(refname)%00%(upstream:short)%00%(objectname)%00%(upstream:track)%00%(upstream:remotename)%00%(upstream:remoteref) refs/heads/master refs/remotes/master [1ms]
2022-11-19 01:51:13.971 [info] > git remote --verbose [7ms]
2022-11-19 01:51:13.972 [info] > git for-each-ref --sort -committerdate --format %(refname) %(objectname) %(*objectname) [10ms]
2022-11-19 01:51:13.972 [info] > git status -z -uall [5ms]
2022-11-19 01:51:13.972 [info] > git config --get commit.template [1ms]
2022-11-19 01:51:13.978 [info] > git for-each-ref --format=%(refname)%00%(upstream:short)%00%(objectname)%00%(upstream:track)%00%(upstream:remotename)%00%(upstream:remoteref) refs/heads/master refs/remotes/master [1ms]
2022-11-19 01:51:19.017 [info] > git remote --verbose [20ms]
2022-11-19 01:51:19.017 [info] > git for-each-ref --sort -committerdate --format %(refname) %(objectname) %(*objectname) [28ms]
2022-11-19 01:51:19.019 [info] > git status -z -uall [13ms]
2022-11-19 01:51:19.019 [info] > git config --get commit.template [4ms]
2022-11-19 01:51:19.036 [info] > git for-each-ref --format=%(refname)%00%(upstream:short)%00%(objectname)%00%(upstream:track)%00%(upstream:remotename)%00%(upstream:remoteref) refs/heads/master refs/remotes/master [3ms]
2022-11-19 01:51:49.936 [info] > git status -z -uall [8ms]
2022-11-19 01:51:49.936 [info] > git remote --verbose [13ms]
2022-11-19 01:51:49.936 [info] > git for-each-ref --sort -committerdate --format %(refname) %(objectname) %(*objectname) [18ms]
2022-11-19 01:51:49.937 [info] > git config --get commit.template [3ms]
2022-11-19 01:51:49.943 [info] > git for-each-ref --format=%(refname)%00%(upstream:short)%00%(objectname)%00%(upstream:track)%00%(upstream:remotename)%00%(upstream:remoteref) refs/heads/master refs/remotes/master [1ms]
2022-11-19 01:51:54.964 [info] > git remote --verbose [7ms]
2022-11-19 01:51:54.964 [info] > git for-each-ref --sort -committerdate --format %(refname) %(objectname) %(*objectname) [10ms]
2022-11-19 01:51:54.965 [info] > git status -z -uall [5ms]
2022-11-19 01:51:54.965 [info] > git config --get commit.template [1ms]
2022-11-19 01:51:54.972 [info] > git for-each-ref --format=%(refname)%00%(upstream:short)%00%(objectname)%00%(upstream:track)%00%(upstream:remotename)%00%(upstream:remoteref) refs/heads/master refs/remotes/master [1ms]
2022-11-19 01:51:59.040 [info] > git check-ignore -v -z --stdin [0ms]
2022-11-19 01:51:59.991 [info] > git remote --verbose [6ms]
2022-11-19 01:51:59.991 [info] > git for-each-ref --sort -committerdate --format %(refname) %(objectname) %(*objectname) [9ms]
2022-11-19 01:51:59.992 [info] > git status -z -uall [4ms]
2022-11-19 01:51:59.992 [info] > git config --get commit.template [1ms]
2022-11-19 01:51:59.998 [info] > git for-each-ref --format=%(refname)%00%(upstream:short)%00%(objectname)%00%(upstream:track)%00%(upstream:remotename)%00%(upstream:remoteref) refs/heads/master refs/remotes/master [1ms]
2022-11-19 01:52:05.021 [info] > git remote --verbose [8ms]
2022-11-19 01:52:05.021 [info] > git for-each-ref --sort -committerdate --format %(refname) %(objectname) %(*objectname) [11ms]
2022-11-19 01:52:05.021 [info] > git status -z -uall [5ms]
2022-11-19 01:52:05.021 [info] > git config --get commit.template [1ms]
2022-11-19 01:52:05.027 [info] > git for-each-ref --format=%(refname)%00%(upstream:short)%00%(objectname)%00%(upstream:track)%00%(upstream:remotename)%00%(upstream:remoteref) refs/heads/master refs/remotes/master [1ms]
2022-11-19 01:52:10.082 [info] > git remote --verbose [26ms]
2022-11-19 01:52:10.083 [info] > git for-each-ref --sort -committerdate --format %(refname) %(objectname) %(*objectname) [39ms]
2022-11-19 01:52:10.084 [info] > git status -z -uall [16ms]
2022-11-19 01:52:10.084 [info] > git config --get commit.template [3ms]
2022-11-19 01:52:10.097 [info] > git for-each-ref --format=%(refname)%00%(upstream:short)%00%(objectname)%00%(upstream:track)%00%(upstream:remotename)%00%(upstream:remoteref) refs/heads/master refs/remotes/master [1ms]
2022-11-19 01:52:15.121 [info] > git remote --verbose [6ms]
2022-11-19 01:52:15.121 [info] > git for-each-ref --sort -committerdate --format %(refname) %(objectname) %(*objectname) [10ms]
2022-11-19 01:52:15.121 [info] > git status -z -uall [4ms]
2022-11-19 01:52:15.121 [info] > git config --get commit.template [1ms]
2022-11-19 01:52:15.127 [info] > git for-each-ref --format=%(refname)%00%(upstream:short)%00%(objectname)%00%(upstream:track)%00%(upstream:remotename)%00%(upstream:remoteref) refs/heads/master refs/remotes/master [1ms]
2022-11-19 01:52:20.150 [info] > git remote --verbose [7ms]
2022-11-19 01:52:20.150 [info] > git for-each-ref --sort -committerdate --format %(refname) %(objectname) %(*objectname) [10ms]
2022-11-19 01:52:20.150 [info] > git status -z -uall [4ms]
2022-11-19 01:52:20.151 [info] > git config --get commit.template [2ms]
2022-11-19 01:52:20.158 [info] > git for-each-ref --format=%(refname)%00%(upstream:short)%00%(objectname)%00%(upstream:track)%00%(upstream:remotename)%00%(upstream:remoteref) refs/heads/master refs/remotes/master [2ms]
2022-11-19 01:52:25.182 [info] > git status -z -uall [5ms]
2022-11-19 01:52:25.182 [info] > git remote --verbose [9ms]
2022-11-19 01:52:25.182 [info] > git for-each-ref --sort -committerdate --format %(refname) %(objectname) %(*objectname) [12ms]
2022-11-19 01:52:25.183 [info] > git config --get commit.template [1ms]
2022-11-19 01:52:25.189 [info] > git for-each-ref --format=%(refname)%00%(upstream:short)%00%(objectname)%00%(upstream:track)%00%(upstream:remotename)%00%(upstream:remoteref) refs/heads/master refs/remotes/master [1ms]
2022-11-19 01:52:30.230 [info] > git remote --verbose [21ms]
2022-11-19 01:52:30.230 [info] > git for-each-ref --sort -committerdate --format %(refname) %(objectname) %(*objectname) [28ms]
2022-11-19 01:52:30.232 [info] > git status -z -uall [13ms]
2022-11-19 01:52:30.232 [info] > git config --get commit.template [4ms]
2022-11-19 01:52:30.250 [info] > git for-each-ref --format=%(refname)%00%(upstream:short)%00%(objectname)%00%(upstream:track)%00%(upstream:remotename)%00%(upstream:remoteref) refs/heads/master refs/remotes/master [3ms]
2022-11-19 01:52:35.277 [info] > git remote --verbose [7ms]
2022-11-19 01:52:35.277 [info] > git for-each-ref --sort -committerdate --format %(refname) %(objectname) %(*objectname) [9ms]
2022-11-19 01:52:35.278 [info] > git status -z -uall [5ms]
2022-11-19 01:52:35.278 [info] > git config --get commit.template [1ms]
2022-11-19 01:52:35.284 [info] > git for-each-ref --format=%(refname)%00%(upstream:short)%00%(objectname)%00%(upstream:track)%00%(upstream:remotename)%00%(upstream:remoteref) refs/heads/master refs/remotes/master [1ms]
2022-11-19 01:52:40.310 [info] > git remote --verbose [7ms]
2022-11-19 01:52:40.310 [info] > git for-each-ref --sort -committerdate --format %(refname) %(objectname) %(*objectname) [9ms]
2022-11-19 01:52:40.311 [info] > git status -z -uall [5ms]
2022-11-19 01:52:40.311 [info] > git config --get commit.template [1ms]
2022-11-19 01:52:40.317 [info] > git for-each-ref --format=%(refname)%00%(upstream:short)%00%(objectname)%00%(upstream:track)%00%(upstream:remotename)%00%(upstream:remoteref) refs/heads/master refs/remotes/master [1ms]
2022-11-19 01:52:45.338 [info] > git remote --verbose [8ms]
2022-11-19 01:52:45.338 [info] > git for-each-ref --sort -committerdate --format %(refname) %(objectname) %(*objectname) [11ms]
2022-11-19 01:52:45.338 [info] > git status -z -uall [5ms]
2022-11-19 01:52:45.338 [info] > git config --get commit.template [1ms]
2022-11-19 01:52:45.346 [info] > git for-each-ref --format=%(refname)%00%(upstream:short)%00%(objectname)%00%(upstream:track)%00%(upstream:remotename)%00%(upstream:remoteref) refs/heads/master refs/remotes/master [2ms]
2022-11-19 01:53:20.583 [info] > git status -z -uall [6ms]
2022-11-19 01:53:20.584 [info] > git remote --verbose [12ms]
2022-11-19 01:53:20.584 [info] > git for-each-ref --sort -committerdate --format %(refname) %(objectname) %(*objectname) [16ms]
2022-11-19 01:53:20.584 [info] > git config --get commit.template [1ms]
2022-11-19 01:53:20.591 [info] > git for-each-ref --format=%(refname)%00%(upstream:short)%00%(objectname)%00%(upstream:track)%00%(upstream:remotename)%00%(upstream:remoteref) refs/heads/master refs/remotes/master [1ms]
2022-11-19 01:53:25.611 [info] > git remote --verbose [7ms]
2022-11-19 01:53:25.611 [info] > git for-each-ref --sort -committerdate --format %(refname) %(objectname) %(*objectname) [10ms]
2022-11-19 01:53:25.611 [info] > git status -z -uall [4ms]
2022-11-19 01:53:25.612 [info] > git config --get commit.template [1ms]
2022-11-19 01:53:25.617 [info] > git for-each-ref --format=%(refname)%00%(upstream:short)%00%(objectname)%00%(upstream:track)%00%(upstream:remotename)%00%(upstream:remoteref) refs/heads/master refs/remotes/master [1ms]
2022-11-19 01:53:30.675 [info] > git status -z -uall [13ms]
2022-11-19 01:53:30.675 [info] > git remote --verbose [26ms]
2022-11-19 01:53:30.676 [info] > git for-each-ref --sort -committerdate --format %(refname) %(objectname) %(*objectname) [39ms]
2022-11-19 01:53:30.677 [info] > git config --get commit.template [3ms]
2022-11-19 01:53:30.687 [info] > git for-each-ref --format=%(refname)%00%(upstream:short)%00%(objectname)%00%(upstream:track)%00%(upstream:remotename)%00%(upstream:remoteref) refs/heads/master refs/remotes/master [2ms]
2022-11-19 01:53:35.710 [info] > git remote --verbose [8ms]
2022-11-19 01:53:35.710 [info] > git for-each-ref --sort -committerdate --format %(refname) %(objectname) %(*objectname) [11ms]
2022-11-19 01:53:35.710 [info] > git status -z -uall [4ms]
2022-11-19 01:53:35.711 [info] > git config --get commit.template [2ms]
2022-11-19 01:53:35.717 [info] > git for-each-ref --format=%(refname)%00%(upstream:short)%00%(objectname)%00%(upstream:track)%00%(upstream:remotename)%00%(upstream:remoteref) refs/heads/master refs/remotes/master [1ms]
2022-11-19 01:53:40.741 [info] > git remote --verbose [8ms]
2022-11-19 01:53:40.741 [info] > git for-each-ref --sort -committerdate --format %(refname) %(objectname) %(*objectname) [11ms]
2022-11-19 01:53:40.742 [info] > git status -z -uall [5ms]
2022-11-19 01:53:40.742 [info] > git config --get commit.template [1ms]
2022-11-19 01:53:40.749 [info] > git for-each-ref --format=%(refname)%00%(upstream:short)%00%(objectname)%00%(upstream:track)%00%(upstream:remotename)%00%(upstream:remoteref) refs/heads/master refs/remotes/master [1ms]
2022-11-19 01:53:45.773 [info] > git remote --verbose [8ms]
2022-11-19 01:53:45.773 [info] > git for-each-ref --sort -committerdate --format %(refname) %(objectname) %(*objectname) [11ms]
2022-11-19 01:53:45.773 [info] > git status -z -uall [5ms]
2022-11-19 01:53:45.774 [info] > git config --get commit.template [2ms]
2022-11-19 01:53:45.780 [info] > git for-each-ref --format=%(refname)%00%(upstream:short)%00%(objectname)%00%(upstream:track)%00%(upstream:remotename)%00%(upstream:remoteref) refs/heads/master refs/remotes/master [1ms]
2022-11-19 01:53:50.802 [info] > git status -z -uall [5ms]
2022-11-19 01:53:50.803 [info] > git remote --verbose [11ms]
2022-11-19 01:53:50.803 [info] > git for-each-ref --sort -committerdate --format %(refname) %(objectname) %(*objectname) [15ms]
2022-11-19 01:53:50.803 [info] > git config --get commit.template [1ms]
2022-11-19 01:53:50.810 [info] > git for-each-ref --format=%(refname)%00%(upstream:short)%00%(objectname)%00%(upstream:track)%00%(upstream:remotename)%00%(upstream:remoteref) refs/heads/master refs/remotes/master [1ms]
2022-11-19 01:53:55.831 [info] > git remote --verbose [8ms]
2022-11-19 01:53:55.831 [info] > git for-each-ref --sort -committerdate --format %(refname) %(objectname) %(*objectname) [11ms]
2022-11-19 01:53:55.831 [info] > git status -z -uall [5ms]
2022-11-19 01:53:55.831 [info] > git config --get commit.template [1ms]
2022-11-19 01:53:55.837 [info] > git for-each-ref --format=%(refname)%00%(upstream:short)%00%(objectname)%00%(upstream:track)%00%(upstream:remotename)%00%(upstream:remoteref) refs/heads/master refs/remotes/master [1ms]
2022-11-19 01:54:00.859 [info] > git remote --verbose [8ms]
2022-11-19 01:54:00.859 [info] > git for-each-ref --sort -committerdate --format %(refname) %(objectname) %(*objectname) [11ms]
2022-11-19 01:54:00.860 [info] > git status -z -uall [6ms]
2022-11-19 01:54:00.860 [info] > git config --get commit.template [2ms]
2022-11-19 01:54:00.867 [info] > git for-each-ref --format=%(refname)%00%(upstream:short)%00%(objectname)%00%(upstream:track)%00%(upstream:remotename)%00%(upstream:remoteref) refs/heads/master refs/remotes/master [1ms]
2022-11-19 01:54:05.891 [info] > git remote --verbose [8ms]
2022-11-19 01:54:05.891 [info] > git for-each-ref --sort -committerdate --format %(refname) %(objectname) %(*objectname) [11ms]
2022-11-19 01:54:05.891 [info] > git status -z -uall [4ms]
2022-11-19 01:54:05.891 [info] > git config --get commit.template [1ms]
2022-11-19 01:54:05.897 [info] > git for-each-ref --format=%(refname)%00%(upstream:short)%00%(objectname)%00%(upstream:track)%00%(upstream:remotename)%00%(upstream:remoteref) refs/heads/master refs/remotes/master [1ms]
2022-11-19 01:54:10.918 [info] > git remote --verbose [7ms]
2022-11-19 01:54:10.919 [info] > git for-each-ref --sort -committerdate --format %(refname) %(objectname) %(*objectname) [11ms]
2022-11-19 01:54:10.919 [info] > git status -z -uall [5ms]
2022-11-19 01:54:10.919 [info] > git config --get commit.template [1ms]
2022-11-19 01:54:10.926 [info] > git for-each-ref --format=%(refname)%00%(upstream:short)%00%(objectname)%00%(upstream:track)%00%(upstream:remotename)%00%(upstream:remoteref) refs/heads/master refs/remotes/master [1ms]
2022-11-19 01:54:15.950 [info] > git status -z -uall [5ms]
2022-11-19 01:54:15.951 [info] > git remote --verbose [8ms]
2022-11-19 01:54:15.951 [info] > git for-each-ref --sort -committerdate --format %(refname) %(objectname) %(*objectname) [12ms]
2022-11-19 01:54:15.952 [info] > git config --get commit.template [3ms]
2022-11-19 01:54:15.961 [info] > git for-each-ref --format=%(refname)%00%(upstream:short)%00%(objectname)%00%(upstream:track)%00%(upstream:remotename)%00%(upstream:remoteref) refs/heads/master refs/remotes/master [1ms]
2022-11-19 01:54:21.022 [info] > git remote --verbose [26ms]
2022-11-19 01:54:21.022 [info] > git for-each-ref --sort -committerdate --format %(refname) %(objectname) %(*objectname) [38ms]
2022-11-19 01:54:21.023 [info] > git status -z -uall [15ms]
2022-11-19 01:54:21.023 [info] > git config --get commit.template [3ms]
2022-11-19 01:54:21.036 [info] > git for-each-ref --format=%(refname)%00%(upstream:short)%00%(objectname)%00%(upstream:track)%00%(upstream:remotename)%00%(upstream:remoteref) refs/heads/master refs/remotes/master [2ms]
2022-11-19 01:54:26.089 [info] > git remote --verbose [15ms]
2022-11-19 01:54:26.089 [info] > git for-each-ref --sort -committerdate --format %(refname) %(objectname) %(*objectname) [29ms]
2022-11-19 01:54:26.089 [info] > git status -z -uall [7ms]
2022-11-19 01:54:26.090 [info] > git config --get commit.template [2ms]
2022-11-19 01:54:26.097 [info] > git for-each-ref --format=%(refname)%00%(upstream:short)%00%(objectname)%00%(upstream:track)%00%(upstream:remotename)%00%(upstream:remoteref) refs/heads/master refs/remotes/master [1ms]
2022-11-19 01:54:31.118 [info] > git remote --verbose [8ms]
2022-11-19 01:54:31.118 [info] > git for-each-ref --sort -committerdate --format %(refname) %(objectname) %(*objectname) [11ms]
2022-11-19 01:54:31.119 [info] > git status -z -uall [5ms]
2022-11-19 01:54:31.119 [info] > git config --get commit.template [1ms]
2022-11-19 01:54:31.126 [info] > git for-each-ref --format=%(refname)%00%(upstream:short)%00%(objectname)%00%(upstream:track)%00%(upstream:remotename)%00%(upstream:remoteref) refs/heads/master refs/remotes/master [1ms]
2022-11-19 01:54:36.150 [info] > git remote --verbose [7ms]
2022-11-19 01:54:36.150 [info] > git for-each-ref --sort -committerdate --format %(refname) %(objectname) %(*objectname) [11ms]
2022-11-19 01:54:36.150 [info] > git status -z -uall [5ms]
2022-11-19 01:54:36.150 [info] > git config --get commit.template [1ms]
2022-11-19 01:54:36.157 [info] > git for-each-ref --format=%(refname)%00%(upstream:short)%00%(objectname)%00%(upstream:track)%00%(upstream:remotename)%00%(upstream:remoteref) refs/heads/master refs/remotes/master [1ms]
2022-11-19 01:54:41.180 [info] > git remote --verbose [7ms]
2022-11-19 01:54:41.180 [info] > git for-each-ref --sort -committerdate --format %(refname) %(objectname) %(*objectname) [10ms]
2022-11-19 01:54:41.180 [info] > git status -z -uall [4ms]
2022-11-19 01:54:41.180 [info] > git config --get commit.template [1ms]
2022-11-19 01:54:41.188 [info] > git for-each-ref --format=%(refname)%00%(upstream:short)%00%(objectname)%00%(upstream:track)%00%(upstream:remotename)%00%(upstream:remoteref) refs/heads/master refs/remotes/master [1ms]
2022-11-19 01:54:46.218 [info] > git remote --verbose [7ms]
2022-11-19 01:54:46.219 [info] > git for-each-ref --sort -committerdate --format %(refname) %(objectname) %(*objectname) [10ms]
2022-11-19 01:54:46.219 [info] > git status -z -uall [5ms]
2022-11-19 01:54:46.219 [info] > git config --get commit.template [1ms]
2022-11-19 01:54:46.227 [info] > git for-each-ref --format=%(refname)%00%(upstream:short)%00%(objectname)%00%(upstream:track)%00%(upstream:remotename)%00%(upstream:remoteref) refs/heads/master refs/remotes/master [2ms]
2022-11-19 01:54:51.286 [info] > git remote --verbose [27ms]
2022-11-19 01:54:51.286 [info] > git for-each-ref --sort -committerdate --format %(refname) %(objectname) %(*objectname) [40ms]
2022-11-19 01:54:51.287 [info] > git status -z -uall [15ms]
2022-11-19 01:54:51.287 [info] > git config --get commit.template [2ms]
2022-11-19 01:54:51.298 [info] > git for-each-ref --format=%(refname)%00%(upstream:short)%00%(objectname)%00%(upstream:track)%00%(upstream:remotename)%00%(upstream:remoteref) refs/heads/master refs/remotes/master [2ms]
2022-11-19 01:54:52.588 [info] > git check-ignore -v -z --stdin [3ms]
2022-11-19 01:54:55.559 [info] > git check-ignore -v -z --stdin [4ms]
2022-11-19 01:54:56.356 [info] > git remote --verbose [23ms]
2022-11-19 01:54:56.356 [info] > git for-each-ref --sort -committerdate --format %(refname) %(objectname) %(*objectname) [36ms]
2022-11-19 01:54:56.357 [info] > git status -z -uall [12ms]
2022-11-19 01:54:56.357 [info] > git config --get commit.template [2ms]
2022-11-19 01:54:56.369 [info] > git for-each-ref --format=%(refname)%00%(upstream:short)%00%(objectname)%00%(upstream:track)%00%(upstream:remotename)%00%(upstream:remoteref) refs/heads/master refs/remotes/master [2ms]
2022-11-19 01:54:58.835 [info] > git show --textconv :waybar/config [4ms]
2022-11-19 01:54:58.836 [info] > git ls-files --stage -- /home/liljekvist/.config/waybar/config [1ms]
2022-11-19 01:55:01.402 [info] > git remote --verbose [14ms]
2022-11-19 01:55:01.403 [info] > git for-each-ref --sort -committerdate --format %(refname) %(objectname) %(*objectname) [21ms]
2022-11-19 01:55:01.403 [info] > git status -z -uall [8ms]
2022-11-19 01:55:01.403 [info] > git config --get commit.template [1ms]
2022-11-19 01:55:01.414 [info] > git for-each-ref --format=%(refname)%00%(upstream:short)%00%(objectname)%00%(upstream:track)%00%(upstream:remotename)%00%(upstream:remoteref) refs/heads/master refs/remotes/master [2ms]
2022-11-19 01:55:06.441 [info] > git status -z -uall [4ms]
2022-11-19 01:55:06.441 [info] > git remote --verbose [8ms]
2022-11-19 01:55:06.442 [info] > git for-each-ref --sort -committerdate --format %(refname) %(objectname) %(*objectname) [12ms]
2022-11-19 01:55:06.442 [info] > git config --get commit.template [2ms]
2022-11-19 01:55:06.450 [info] > git for-each-ref --format=%(refname)%00%(upstream:short)%00%(objectname)%00%(upstream:track)%00%(upstream:remotename)%00%(upstream:remoteref) refs/heads/master refs/remotes/master [1ms]
