2022-11-19 01:34:15.789 [info] Extension host with pid 12623 started
2022-11-19 01:34:15.789 [info] Skipping acquiring lock for /home/liljekvist/.config/Code - OSS/User/workspaceStorage/e0e22ed5f4705dba22002b3d93507a15.
2022-11-19 01:34:15.975 [info] ExtensionService#_doActivateExtension vscode.git-base, startup: true, activationEvent: '*', root cause: vscode.git
2022-11-19 01:34:15.988 [info] ExtensionService#_doActivateExtension vscode.git, startup: true, activationEvent: '*'
2022-11-19 01:34:15.989 [info] ExtensionService#_doActivateExtension vscode.github, startup: true, activationEvent: '*'
2022-11-19 01:34:16.053 [info] Eager extensions activated
2022-11-19 01:34:16.109 [info] ExtensionService#_doActivateExtension vscode.debug-auto-launch, startup: false, activationEvent: 'onStartupFinished'
2022-11-19 01:34:16.110 [info] ExtensionService#_doActivateExtension vscode.emmet, startup: false, activationEvent: 'onStartupFinished'
2022-11-19 01:34:16.110 [info] ExtensionService#_doActivateExtension vscode.merge-conflict, startup: false, activationEvent: 'onStartupFinished'
2022-11-19 01:34:16.183 [warning] [Decorations] CAPPING events from decorations provider vscode.git 414
2022-11-19 01:34:16.318 [warning] [Decorations] CAPPING events from decorations provider vscode.git 415
2022-11-19 01:34:18.366 [warning] [Decorations] CAPPING events from decorations provider vscode.git 416
2022-11-19 01:34:23.413 [warning] [Decorations] CAPPING events from decorations provider vscode.git 417
2022-11-19 01:34:28.445 [warning] [Decorations] CAPPING events from decorations provider vscode.git 417
2022-11-19 01:34:33.505 [warning] [Decorations] CAPPING events from decorations provider vscode.git 393
2022-11-19 01:34:38.658 [warning] [Decorations] CAPPING events from decorations provider vscode.git 393
2022-11-19 01:34:43.689 [warning] [Decorations] CAPPING events from decorations provider vscode.git 394
2022-11-19 01:34:48.722 [warning] [Decorations] CAPPING events from decorations provider vscode.git 393
2022-11-19 01:34:53.749 [warning] [Decorations] CAPPING events from decorations provider vscode.git 393
2022-11-19 01:44:54.828 [warning] [Decorations] CAPPING events from decorations provider vscode.git 394
