2022-11-19 01:13:28.701 [info] Validating found git in: git
2022-11-19 01:13:28.701 [info] Using git 2.38.1 from git
2022-11-19 01:13:28.702 [info] > git rev-parse --show-toplevel [5ms]
2022-11-19 01:13:28.702 [info] fatal: not a git repository (or any parent up to mount point /)
Stopping at filesystem boundary (GIT_DISCOVERY_ACROSS_FILESYSTEM not set).
2022-11-19 01:13:28.702 [info] > git rev-parse --show-toplevel [2ms]
2022-11-19 01:13:28.702 [info] > git rev-parse --git-dir --git-common-dir [1ms]
2022-11-19 01:13:28.702 [info] Log level: Info
2022-11-19 01:13:28.702 [info] Open repository: /home/liljekvist/.config
2022-11-19 01:13:28.702 [info] > git status -z -uall [34ms]
2022-11-19 01:13:28.702 [info] > git rev-parse --show-toplevel [28ms]
2022-11-19 01:13:28.702 [info] fatal: not a git repository (or any parent up to mount point /)
Stopping at filesystem boundary (GIT_DISCOVERY_ACROSS_FILESYSTEM not set).
2022-11-19 01:13:28.702 [info] > git remote --verbose [44ms]
2022-11-19 01:13:28.702 [info] > git for-each-ref --sort -committerdate --format %(refname) %(objectname) %(*objectname) [48ms]
2022-11-19 01:13:28.702 [info] > git rev-parse --show-toplevel [3ms]
2022-11-19 01:13:28.702 [info] fatal: not a git repository (or any parent up to mount point /)
Stopping at filesystem boundary (GIT_DISCOVERY_ACROSS_FILESYSTEM not set).
2022-11-19 01:13:28.702 [info] > git config --get commit.template [11ms]
2022-11-19 01:13:28.702 [info] > git rev-parse --show-toplevel [5ms]
2022-11-19 01:13:28.702 [info] fatal: not a git repository (or any parent up to mount point /)
Stopping at filesystem boundary (GIT_DISCOVERY_ACROSS_FILESYSTEM not set).
2022-11-19 01:13:28.702 [info] > git rev-parse --show-toplevel [7ms]
2022-11-19 01:13:28.702 [info] fatal: not a git repository (or any parent up to mount point /)
Stopping at filesystem boundary (GIT_DISCOVERY_ACROSS_FILESYSTEM not set).
2022-11-19 01:13:28.702 [info] > git for-each-ref --format=%(refname)%00%(upstream:short)%00%(objectname)%00%(upstream:track)%00%(upstream:remotename)%00%(upstream:remoteref) refs/heads/master refs/remotes/master [8ms]
2022-11-19 01:13:28.715 [info] > git status -z -uall [113ms]
2022-11-19 01:13:28.717 [info] > git remote --verbose [120ms]
2022-11-19 01:13:28.718 [info] > git for-each-ref --sort -committerdate --format %(refname) %(objectname) %(*objectname) [124ms]
2022-11-19 01:13:28.718 [info] > git rev-parse --show-toplevel [151ms]
2022-11-19 01:13:28.718 [info] fatal: not a git repository (or any parent up to mount point /)
Stopping at filesystem boundary (GIT_DISCOVERY_ACROSS_FILESYSTEM not set).
2022-11-19 01:13:28.723 [info] > git rev-parse --show-toplevel [2ms]
2022-11-19 01:13:28.723 [info] fatal: not a git repository (or any parent up to mount point /)
Stopping at filesystem boundary (GIT_DISCOVERY_ACROSS_FILESYSTEM not set).
2022-11-19 01:13:28.728 [info] > git config --get commit.template [13ms]
2022-11-19 01:13:28.732 [info] > git rev-parse --show-toplevel [5ms]
2022-11-19 01:13:28.732 [info] fatal: not a git repository (or any parent up to mount point /)
Stopping at filesystem boundary (GIT_DISCOVERY_ACROSS_FILESYSTEM not set).
2022-11-19 01:13:28.737 [info] > git for-each-ref --format=%(refname)%00%(upstream:short)%00%(objectname)%00%(upstream:track)%00%(upstream:remotename)%00%(upstream:remoteref) refs/heads/master refs/remotes/master [5ms]
2022-11-19 01:13:28.745 [info] > git rev-parse --show-toplevel [9ms]
2022-11-19 01:13:28.745 [info] fatal: not a git repository (or any parent up to mount point /)
Stopping at filesystem boundary (GIT_DISCOVERY_ACROSS_FILESYSTEM not set).
2022-11-19 01:13:28.751 [info] > git rev-parse --show-toplevel [1ms]
2022-11-19 01:13:28.751 [info] fatal: not a git repository (or any parent up to mount point /)
Stopping at filesystem boundary (GIT_DISCOVERY_ACROSS_FILESYSTEM not set).
2022-11-19 01:13:28.756 [info] > git rev-parse --show-toplevel [1ms]
2022-11-19 01:13:28.756 [info] fatal: not a git repository (or any parent up to mount point /)
Stopping at filesystem boundary (GIT_DISCOVERY_ACROSS_FILESYSTEM not set).
2022-11-19 01:13:28.762 [info] > git rev-parse --show-toplevel [1ms]
2022-11-19 01:13:28.767 [info] > git rev-parse --git-dir --git-common-dir [1ms]
2022-11-19 01:13:28.769 [info] Log level: Info
2022-11-19 01:13:28.769 [info] Open repository: /home/liljekvist/dotfiles
2022-11-19 01:13:28.793 [info] > git status -z -uall [12ms]
2022-11-19 01:13:28.793 [info] > git remote --verbose [16ms]
2022-11-19 01:13:28.793 [info] > git for-each-ref --sort -committerdate --format %(refname) %(objectname) %(*objectname) [20ms]
2022-11-19 01:13:28.794 [info] > git config --get commit.template [3ms]
2022-11-19 01:13:28.794 [info] > git rev-parse --show-toplevel [8ms]
2022-11-19 01:13:28.794 [info] fatal: not a git repository (or any parent up to mount point /)
Stopping at filesystem boundary (GIT_DISCOVERY_ACROSS_FILESYSTEM not set).
2022-11-19 01:13:28.807 [info] > git rev-parse --show-toplevel [8ms]
2022-11-19 01:13:28.813 [info] > git for-each-ref --format=%(refname)%00%(upstream:short)%00%(objectname)%00%(upstream:track)%00%(upstream:remotename)%00%(upstream:remoteref) refs/heads/master refs/remotes/master [10ms]
2022-11-19 01:13:28.815 [info] > git rev-parse --git-dir --git-common-dir [4ms]
2022-11-19 01:13:28.817 [info] Log level: Info
2022-11-19 01:13:28.817 [info] Open repository: /home/liljekvist/yay
2022-11-19 01:13:28.838 [info] > git status -z -uall [9ms]
2022-11-19 01:13:28.838 [info] > git remote --verbose [13ms]
2022-11-19 01:13:28.839 [info] > git for-each-ref --sort -committerdate --format %(refname) %(objectname) %(*objectname) [17ms]
2022-11-19 01:13:28.925 [info] > git config --get commit.template [88ms]
2022-11-19 01:13:28.925 [info] > git rev-parse --show-toplevel [92ms]
2022-11-19 01:13:28.925 [info] fatal: not a git repository (or any parent up to mount point /)
Stopping at filesystem boundary (GIT_DISCOVERY_ACROSS_FILESYSTEM not set).
2022-11-19 01:13:28.930 [info] > git rev-parse --show-toplevel [2ms]
2022-11-19 01:13:28.930 [info] fatal: not a git repository (or any parent up to mount point /)
Stopping at filesystem boundary (GIT_DISCOVERY_ACROSS_FILESYSTEM not set).
2022-11-19 01:13:28.935 [info] > git for-each-ref --format=%(refname)%00%(upstream:short)%00%(objectname)%00%(upstream:track)%00%(upstream:remotename)%00%(upstream:remoteref) refs/heads/master refs/remotes/master [1ms]
2022-11-19 01:13:29.021 [info] > git check-ignore -v -z --stdin [1ms]
2022-11-19 01:13:29.175 [info] > git show --textconv :hikari/hikari.conf [8ms]
2022-11-19 01:13:29.176 [info] > git ls-files --stage -- /home/liljekvist/.config/hikari/hikari.conf [2ms]
2022-11-19 01:13:30.768 [info] > git status -z -uall [4ms]
2022-11-19 01:13:30.768 [info] > git remote --verbose [10ms]
2022-11-19 01:13:30.768 [info] > git for-each-ref --sort -committerdate --format %(refname) %(objectname) %(*objectname) [16ms]
2022-11-19 01:13:30.768 [info] > git config --get commit.template [1ms]
2022-11-19 01:13:30.775 [info] > git for-each-ref --format=%(refname)%00%(upstream:short)%00%(objectname)%00%(upstream:track)%00%(upstream:remotename)%00%(upstream:remoteref) refs/heads/master refs/remotes/master [1ms]
2022-11-19 01:13:34.169 [info] > git check-ignore -v -z --stdin [4ms]
2022-11-19 01:13:34.170 [info] > git check-ignore -v -z --stdin [2ms]
2022-11-19 01:13:35.836 [info] > git status -z -uall [11ms]
2022-11-19 01:13:35.837 [info] > git remote --verbose [26ms]
2022-11-19 01:13:35.837 [info] > git for-each-ref --sort -committerdate --format %(refname) %(objectname) %(*objectname) [39ms]
2022-11-19 01:13:35.839 [info] > git config --get commit.template [3ms]
2022-11-19 01:13:35.848 [info] > git for-each-ref --format=%(refname)%00%(upstream:short)%00%(objectname)%00%(upstream:track)%00%(upstream:remotename)%00%(upstream:remoteref) refs/heads/master refs/remotes/master [1ms]
2022-11-19 01:13:40.887 [info] > git status -z -uall [10ms]
2022-11-19 01:13:40.888 [info] > git remote --verbose [19ms]
2022-11-19 01:13:40.888 [info] > git for-each-ref --sort -committerdate --format %(refname) %(objectname) %(*objectname) [26ms]
2022-11-19 01:13:40.889 [info] > git config --get commit.template [3ms]
2022-11-19 01:13:40.900 [info] > git for-each-ref --format=%(refname)%00%(upstream:short)%00%(objectname)%00%(upstream:track)%00%(upstream:remotename)%00%(upstream:remoteref) refs/heads/master refs/remotes/master [2ms]
2022-11-19 01:13:44.722 [info] > git rev-parse --show-toplevel [1ms]
2022-11-19 01:13:44.722 [info] fatal: not a git repository (or any parent up to mount point /)
Stopping at filesystem boundary (GIT_DISCOVERY_ACROSS_FILESYSTEM not set).
2022-11-19 01:13:45.925 [info] > git status -z -uall [4ms]
2022-11-19 01:13:45.925 [info] > git remote --verbose [7ms]
2022-11-19 01:13:45.926 [info] > git for-each-ref --sort -committerdate --format %(refname) %(objectname) %(*objectname) [10ms]
2022-11-19 01:13:45.927 [info] > git config --get commit.template [2ms]
2022-11-19 01:13:45.936 [info] > git for-each-ref --format=%(refname)%00%(upstream:short)%00%(objectname)%00%(upstream:track)%00%(upstream:remotename)%00%(upstream:remoteref) refs/heads/master refs/remotes/master [2ms]
2022-11-19 01:13:50.959 [info] > git status -z -uall [5ms]
2022-11-19 01:13:50.959 [info] > git remote --verbose [9ms]
2022-11-19 01:13:50.959 [info] > git for-each-ref --sort -committerdate --format %(refname) %(objectname) %(*objectname) [13ms]
2022-11-19 01:13:50.960 [info] > git config --get commit.template [1ms]
2022-11-19 01:13:50.966 [info] > git for-each-ref --format=%(refname)%00%(upstream:short)%00%(objectname)%00%(upstream:track)%00%(upstream:remotename)%00%(upstream:remoteref) refs/heads/master refs/remotes/master [1ms]
2022-11-19 01:13:55.990 [info] > git status -z -uall [4ms]
2022-11-19 01:13:55.990 [info] > git remote --verbose [8ms]
2022-11-19 01:13:55.990 [info] > git for-each-ref --sort -committerdate --format %(refname) %(objectname) %(*objectname) [10ms]
2022-11-19 01:13:55.990 [info] > git config --get commit.template [1ms]
2022-11-19 01:13:55.996 [info] > git for-each-ref --format=%(refname)%00%(upstream:short)%00%(objectname)%00%(upstream:track)%00%(upstream:remotename)%00%(upstream:remoteref) refs/heads/master refs/remotes/master [1ms]
2022-11-19 01:14:01.019 [info] > git status -z -uall [5ms]
2022-11-19 01:14:01.019 [info] > git remote --verbose [8ms]
2022-11-19 01:14:01.019 [info] > git for-each-ref --sort -committerdate --format %(refname) %(objectname) %(*objectname) [11ms]
2022-11-19 01:14:01.020 [info] > git config --get commit.template [2ms]
2022-11-19 01:14:01.027 [info] > git for-each-ref --format=%(refname)%00%(upstream:short)%00%(objectname)%00%(upstream:track)%00%(upstream:remotename)%00%(upstream:remoteref) refs/heads/master refs/remotes/master [1ms]
2022-11-19 01:14:02.806 [info] > git show --textconv :hikari/hikari.conf [6ms]
2022-11-19 01:14:02.808 [info] > git ls-files --stage -- /home/liljekvist/.config/hikari/hikari.conf [2ms]
2022-11-19 01:14:06.050 [info] > git status -z -uall [4ms]
2022-11-19 01:14:06.050 [info] > git remote --verbose [7ms]
2022-11-19 01:14:06.050 [info] > git for-each-ref --sort -committerdate --format %(refname) %(objectname) %(*objectname) [10ms]
2022-11-19 01:14:06.051 [info] > git config --get commit.template [1ms]
2022-11-19 01:14:06.058 [info] > git for-each-ref --format=%(refname)%00%(upstream:short)%00%(objectname)%00%(upstream:track)%00%(upstream:remotename)%00%(upstream:remoteref) refs/heads/master refs/remotes/master [1ms]
2022-11-19 01:14:11.117 [info] > git status -z -uall [14ms]
2022-11-19 01:14:11.117 [info] > git remote --verbose [28ms]
2022-11-19 01:14:11.118 [info] > git for-each-ref --sort -committerdate --format %(refname) %(objectname) %(*objectname) [41ms]
2022-11-19 01:14:11.120 [info] > git config --get commit.template [4ms]
2022-11-19 01:14:11.138 [info] > git for-each-ref --format=%(refname)%00%(upstream:short)%00%(objectname)%00%(upstream:track)%00%(upstream:remotename)%00%(upstream:remoteref) refs/heads/master refs/remotes/master [3ms]
2022-11-19 01:14:16.167 [info] > git status -z -uall [5ms]
2022-11-19 01:14:16.167 [info] > git remote --verbose [9ms]
2022-11-19 01:14:16.167 [info] > git for-each-ref --sort -committerdate --format %(refname) %(objectname) %(*objectname) [13ms]
2022-11-19 01:14:16.168 [info] > git config --get commit.template [2ms]
2022-11-19 01:14:16.177 [info] > git for-each-ref --format=%(refname)%00%(upstream:short)%00%(objectname)%00%(upstream:track)%00%(upstream:remotename)%00%(upstream:remoteref) refs/heads/master refs/remotes/master [1ms]
2022-11-19 01:14:21.202 [info] > git status -z -uall [4ms]
2022-11-19 01:14:21.202 [info] > git remote --verbose [7ms]
2022-11-19 01:14:21.202 [info] > git for-each-ref --sort -committerdate --format %(refname) %(objectname) %(*objectname) [10ms]
2022-11-19 01:14:21.203 [info] > git config --get commit.template [2ms]
2022-11-19 01:14:21.209 [info] > git for-each-ref --format=%(refname)%00%(upstream:short)%00%(objectname)%00%(upstream:track)%00%(upstream:remotename)%00%(upstream:remoteref) refs/heads/master refs/remotes/master [1ms]
