2022-11-19 00:45:51.150 [info] Validating found git in: git
2022-11-19 00:45:51.150 [info] Using git 2.38.1 from git
2022-11-19 00:45:51.150 [info] > git rev-parse --show-toplevel [4ms]
2022-11-19 00:45:51.150 [info] fatal: not a git repository (or any parent up to mount point /)
Stopping at filesystem boundary (GIT_DISCOVERY_ACROSS_FILESYSTEM not set).
2022-11-19 00:45:51.150 [info] > git rev-parse --show-toplevel [1ms]
2022-11-19 00:45:51.150 [info] fatal: not a git repository (or any parent up to mount point /)
Stopping at filesystem boundary (GIT_DISCOVERY_ACROSS_FILESYSTEM not set).
2022-11-19 00:45:51.150 [info] > git rev-parse --show-toplevel [2ms]
2022-11-19 00:45:51.150 [info] fatal: not a git repository (or any parent up to mount point /)
Stopping at filesystem boundary (GIT_DISCOVERY_ACROSS_FILESYSTEM not set).
2022-11-19 00:45:51.150 [info] > git rev-parse --show-toplevel [1ms]
2022-11-19 00:45:51.150 [info] fatal: not a git repository (or any parent up to mount point /)
Stopping at filesystem boundary (GIT_DISCOVERY_ACROSS_FILESYSTEM not set).
2022-11-19 00:45:51.150 [info] > git rev-parse --show-toplevel [1ms]
2022-11-19 00:45:51.150 [info] > git rev-parse --git-dir --git-common-dir [0ms]
2022-11-19 00:45:51.150 [info] Log level: Info
2022-11-19 00:45:51.150 [info] Open repository: /home/liljekvist/.config
2022-11-19 00:45:51.150 [info] > git status -z -uall [18ms]
2022-11-19 00:45:51.150 [info] > git rev-parse --show-toplevel [8ms]
2022-11-19 00:45:51.150 [info] fatal: not a git repository (or any parent up to mount point /)
Stopping at filesystem boundary (GIT_DISCOVERY_ACROSS_FILESYSTEM not set).
2022-11-19 00:45:51.150 [info] > git remote --verbose [33ms]
2022-11-19 00:45:51.150 [info] > git for-each-ref --sort -committerdate --format %(refname) %(objectname) %(*objectname) [39ms]
2022-11-19 00:45:51.150 [info] > git rev-parse --show-toplevel [7ms]
2022-11-19 00:45:51.150 [info] fatal: not a git repository (or any parent up to mount point /)
Stopping at filesystem boundary (GIT_DISCOVERY_ACROSS_FILESYSTEM not set).
2022-11-19 00:45:51.150 [info] > git config --get commit.template [18ms]
2022-11-19 00:45:51.150 [info] > git rev-parse --show-toplevel [1ms]
2022-11-19 00:45:51.150 [info] fatal: not a git repository (or any parent up to mount point /)
Stopping at filesystem boundary (GIT_DISCOVERY_ACROSS_FILESYSTEM not set).
2022-11-19 00:45:51.150 [info] > git rev-parse --show-toplevel [5ms]
2022-11-19 00:45:51.150 [info] fatal: not a git repository (or any parent up to mount point /)
Stopping at filesystem boundary (GIT_DISCOVERY_ACROSS_FILESYSTEM not set).
2022-11-19 00:45:51.150 [info] > git for-each-ref --format=%(refname)%00%(upstream:short)%00%(objectname)%00%(upstream:track)%00%(upstream:remotename)%00%(upstream:remoteref) refs/heads/master refs/remotes/master [5ms]
2022-11-19 00:45:51.150 [info] > git status -z -uall [7ms]
2022-11-19 00:45:51.150 [info] > git remote --verbose [12ms]
2022-11-19 00:45:51.150 [info] > git for-each-ref --sort -committerdate --format %(refname) %(objectname) %(*objectname) [15ms]
2022-11-19 00:45:51.150 [info] > git rev-parse --show-toplevel [37ms]
2022-11-19 00:45:51.150 [info] fatal: not a git repository (or any parent up to mount point /)
Stopping at filesystem boundary (GIT_DISCOVERY_ACROSS_FILESYSTEM not set).
2022-11-19 00:45:51.150 [info] > git rev-parse --show-toplevel [93ms]
2022-11-19 00:45:51.150 [info] fatal: not a git repository (or any parent up to mount point /)
Stopping at filesystem boundary (GIT_DISCOVERY_ACROSS_FILESYSTEM not set).
2022-11-19 00:45:51.150 [info] > git config --get commit.template [104ms]
2022-11-19 00:45:51.150 [info] > git rev-parse --show-toplevel [3ms]
2022-11-19 00:45:51.150 [info] fatal: not a git repository (or any parent up to mount point /)
Stopping at filesystem boundary (GIT_DISCOVERY_ACROSS_FILESYSTEM not set).
2022-11-19 00:45:51.150 [info] > git rev-parse --show-toplevel [4ms]
2022-11-19 00:45:51.150 [info] > git for-each-ref --format=%(refname)%00%(upstream:short)%00%(objectname)%00%(upstream:track)%00%(upstream:remotename)%00%(upstream:remoteref) refs/heads/master refs/remotes/master [5ms]
2022-11-19 00:45:51.150 [info] > git rev-parse --git-dir --git-common-dir [8ms]
2022-11-19 00:45:51.150 [info] Log level: Info
2022-11-19 00:45:51.150 [info] Open repository: /home/liljekvist/dotfiles
2022-11-19 00:45:51.150 [info] > git status -z -uall [9ms]
2022-11-19 00:45:51.150 [info] > git rev-parse --show-toplevel [5ms]
2022-11-19 00:45:51.150 [info] fatal: not a git repository (or any parent up to mount point /)
Stopping at filesystem boundary (GIT_DISCOVERY_ACROSS_FILESYSTEM not set).
2022-11-19 00:45:51.150 [info] > git remote --verbose [18ms]
2022-11-19 00:45:51.150 [info] > git for-each-ref --sort -committerdate --format %(refname) %(objectname) %(*objectname) [23ms]
2022-11-19 00:45:51.150 [info] > git rev-parse --show-toplevel [1ms]
2022-11-19 00:45:51.150 [info] > git config --get commit.template [9ms]
2022-11-19 00:45:51.150 [info] > git rev-parse --git-dir --git-common-dir [5ms]
2022-11-19 00:45:51.150 [info] Log level: Info
2022-11-19 00:45:51.150 [info] Open repository: /home/liljekvist/yay
2022-11-19 00:45:51.150 [info] > git status -z -uall [6ms]
2022-11-19 00:45:51.150 [info] > git remote --verbose [10ms]
2022-11-19 00:45:51.150 [info] > git for-each-ref --sort -committerdate --format %(refname) %(objectname) %(*objectname) [14ms]
2022-11-19 00:45:51.150 [info] > git for-each-ref --format=%(refname)%00%(upstream:short)%00%(objectname)%00%(upstream:track)%00%(upstream:remotename)%00%(upstream:remoteref) refs/heads/master refs/remotes/master [21ms]
2022-11-19 00:45:51.150 [info] > git config --get commit.template [6ms]
2022-11-19 00:45:51.150 [info] > git for-each-ref --format=%(refname)%00%(upstream:short)%00%(objectname)%00%(upstream:track)%00%(upstream:remotename)%00%(upstream:remoteref) refs/heads/master refs/remotes/master [1ms]
2022-11-19 00:45:51.150 [info] > git rev-parse --show-toplevel [2ms]
2022-11-19 00:45:51.150 [info] fatal: not a git repository (or any parent up to mount point /)
Stopping at filesystem boundary (GIT_DISCOVERY_ACROSS_FILESYSTEM not set).
2022-11-19 00:45:51.190 [info] > git rev-parse --show-toplevel [0ms]
2022-11-19 00:45:51.190 [info] fatal: not a git repository (or any parent up to mount point /)
Stopping at filesystem boundary (GIT_DISCOVERY_ACROSS_FILESYSTEM not set).
2022-11-19 00:45:51.661 [info] > git check-ignore -v -z --stdin [30ms]
2022-11-19 00:45:51.664 [info] > git check-ignore -v -z --stdin [19ms]
2022-11-19 00:45:51.664 [info] > git check-ignore -v -z --stdin [6ms]
2022-11-19 00:45:54.065 [info] > git status -z -uall [15ms]
2022-11-19 00:45:54.065 [info] > git remote --verbose [29ms]
2022-11-19 00:45:54.066 [info] > git for-each-ref --sort -committerdate --format %(refname) %(objectname) %(*objectname) [41ms]
2022-11-19 00:45:54.067 [info] > git config --get commit.template [3ms]
2022-11-19 00:45:54.078 [info] > git for-each-ref --format=%(refname)%00%(upstream:short)%00%(objectname)%00%(upstream:track)%00%(upstream:remotename)%00%(upstream:remoteref) refs/heads/master refs/remotes/master [2ms]
2022-11-19 00:45:59.136 [info] > git status -z -uall [12ms]
2022-11-19 00:45:59.137 [info] > git remote --verbose [25ms]
2022-11-19 00:45:59.137 [info] > git for-each-ref --sort -committerdate --format %(refname) %(objectname) %(*objectname) [38ms]
2022-11-19 00:45:59.138 [info] > git config --get commit.template [3ms]
2022-11-19 00:45:59.151 [info] > git for-each-ref --format=%(refname)%00%(upstream:short)%00%(objectname)%00%(upstream:track)%00%(upstream:remotename)%00%(upstream:remoteref) refs/heads/master refs/remotes/master [3ms]
2022-11-19 00:46:00.366 [info] > git check-ignore -v -z --stdin [2ms]
2022-11-19 00:46:04.217 [info] > git status -z -uall [16ms]
2022-11-19 00:46:04.217 [info] > git remote --verbose [30ms]
2022-11-19 00:46:04.218 [info] > git for-each-ref --sort -committerdate --format %(refname) %(objectname) %(*objectname) [43ms]
2022-11-19 00:46:04.219 [info] > git config --get commit.template [6ms]
2022-11-19 00:46:04.228 [info] > git for-each-ref --format=%(refname)%00%(upstream:short)%00%(objectname)%00%(upstream:track)%00%(upstream:remotename)%00%(upstream:remoteref) refs/heads/master refs/remotes/master [1ms]
2022-11-19 00:46:07.061 [info] > git show --textconv :hikari/hikari.conf [4ms]
2022-11-19 00:46:07.062 [info] > git ls-files --stage -- /home/liljekvist/.config/hikari/hikari.conf [2ms]
2022-11-19 00:46:07.323 [info] > git check-ignore -v -z --stdin [1ms]
2022-11-19 00:46:09.251 [info] > git status -z -uall [4ms]
2022-11-19 00:46:09.252 [info] > git remote --verbose [8ms]
2022-11-19 00:46:09.252 [info] > git for-each-ref --sort -committerdate --format %(refname) %(objectname) %(*objectname) [10ms]
2022-11-19 00:46:09.253 [info] > git config --get commit.template [2ms]
2022-11-19 00:46:09.259 [info] > git for-each-ref --format=%(refname)%00%(upstream:short)%00%(objectname)%00%(upstream:track)%00%(upstream:remotename)%00%(upstream:remoteref) refs/heads/master refs/remotes/master [1ms]
2022-11-19 00:46:14.281 [info] > git status -z -uall [4ms]
2022-11-19 00:46:14.282 [info] > git remote --verbose [7ms]
2022-11-19 00:46:14.282 [info] > git for-each-ref --sort -committerdate --format %(refname) %(objectname) %(*objectname) [10ms]
2022-11-19 00:46:14.283 [info] > git config --get commit.template [1ms]
2022-11-19 00:46:14.290 [info] > git for-each-ref --format=%(refname)%00%(upstream:short)%00%(objectname)%00%(upstream:track)%00%(upstream:remotename)%00%(upstream:remoteref) refs/heads/master refs/remotes/master [1ms]
2022-11-19 00:46:29.870 [info] > git status -z -uall [6ms]
2022-11-19 00:46:29.871 [info] > git remote --verbose [11ms]
2022-11-19 00:46:29.871 [info] > git for-each-ref --sort -committerdate --format %(refname) %(objectname) %(*objectname) [15ms]
2022-11-19 00:46:29.874 [info] > git config --get commit.template [4ms]
2022-11-19 00:46:29.879 [info] > git for-each-ref --format=%(refname)%00%(upstream:short)%00%(objectname)%00%(upstream:track)%00%(upstream:remotename)%00%(upstream:remoteref) refs/heads/master refs/remotes/master [1ms]
2022-11-19 00:46:34.924 [info] > git status -z -uall [12ms]
2022-11-19 00:46:34.925 [info] > git remote --verbose [23ms]
2022-11-19 00:46:34.925 [info] > git for-each-ref --sort -committerdate --format %(refname) %(objectname) %(*objectname) [33ms]
2022-11-19 00:46:34.927 [info] > git config --get commit.template [4ms]
2022-11-19 00:46:34.943 [info] > git for-each-ref --format=%(refname)%00%(upstream:short)%00%(objectname)%00%(upstream:track)%00%(upstream:remotename)%00%(upstream:remoteref) refs/heads/master refs/remotes/master [2ms]
2022-11-19 00:46:39.972 [info] > git status -z -uall [4ms]
2022-11-19 00:46:39.972 [info] > git remote --verbose [7ms]
2022-11-19 00:46:39.972 [info] > git for-each-ref --sort -committerdate --format %(refname) %(objectname) %(*objectname) [9ms]
2022-11-19 00:46:39.973 [info] > git config --get commit.template [2ms]
2022-11-19 00:46:39.978 [info] > git for-each-ref --format=%(refname)%00%(upstream:short)%00%(objectname)%00%(upstream:track)%00%(upstream:remotename)%00%(upstream:remoteref) refs/heads/master refs/remotes/master [1ms]
2022-11-19 00:46:44.998 [info] > git status -z -uall [4ms]
2022-11-19 00:46:44.998 [info] > git remote --verbose [6ms]
2022-11-19 00:46:44.999 [info] > git for-each-ref --sort -committerdate --format %(refname) %(objectname) %(*objectname) [9ms]
2022-11-19 00:46:44.999 [info] > git config --get commit.template [1ms]
2022-11-19 00:46:45.006 [info] > git for-each-ref --format=%(refname)%00%(upstream:short)%00%(objectname)%00%(upstream:track)%00%(upstream:remotename)%00%(upstream:remoteref) refs/heads/master refs/remotes/master [1ms]
2022-11-19 00:46:48.150 [info] > git show --textconv :hikari/autostart [5ms]
2022-11-19 00:46:48.151 [info] > git ls-files --stage -- /home/liljekvist/.config/hikari/autostart [2ms]
2022-11-19 00:46:50.027 [info] > git status -z -uall [4ms]
2022-11-19 00:46:50.027 [info] > git remote --verbose [7ms]
2022-11-19 00:46:50.027 [info] > git for-each-ref --sort -committerdate --format %(refname) %(objectname) %(*objectname) [10ms]
2022-11-19 00:46:50.027 [info] > git config --get commit.template [1ms]
2022-11-19 00:46:50.033 [info] > git for-each-ref --format=%(refname)%00%(upstream:short)%00%(objectname)%00%(upstream:track)%00%(upstream:remotename)%00%(upstream:remoteref) refs/heads/master refs/remotes/master [1ms]
2022-11-19 00:46:55.089 [info] > git status -z -uall [13ms]
2022-11-19 00:46:55.089 [info] > git remote --verbose [26ms]
2022-11-19 00:46:55.089 [info] > git for-each-ref --sort -committerdate --format %(refname) %(objectname) %(*objectname) [37ms]
2022-11-19 00:46:55.090 [info] > git config --get commit.template [3ms]
2022-11-19 00:46:55.102 [info] > git for-each-ref --format=%(refname)%00%(upstream:short)%00%(objectname)%00%(upstream:track)%00%(upstream:remotename)%00%(upstream:remoteref) refs/heads/master refs/remotes/master [2ms]
2022-11-19 00:47:00.130 [info] > git status -z -uall [6ms]
2022-11-19 00:47:00.131 [info] > git remote --verbose [11ms]
2022-11-19 00:47:00.131 [info] > git for-each-ref --sort -committerdate --format %(refname) %(objectname) %(*objectname) [15ms]
2022-11-19 00:47:00.131 [info] > git config --get commit.template [2ms]
2022-11-19 00:47:00.140 [info] > git for-each-ref --format=%(refname)%00%(upstream:short)%00%(objectname)%00%(upstream:track)%00%(upstream:remotename)%00%(upstream:remoteref) refs/heads/master refs/remotes/master [2ms]
2022-11-19 00:47:05.161 [info] > git status -z -uall [4ms]
2022-11-19 00:47:05.161 [info] > git remote --verbose [7ms]
2022-11-19 00:47:05.161 [info] > git for-each-ref --sort -committerdate --format %(refname) %(objectname) %(*objectname) [10ms]
2022-11-19 00:47:05.162 [info] > git config --get commit.template [2ms]
2022-11-19 00:47:05.169 [info] > git for-each-ref --format=%(refname)%00%(upstream:short)%00%(objectname)%00%(upstream:track)%00%(upstream:remotename)%00%(upstream:remoteref) refs/heads/master refs/remotes/master [1ms]
2022-11-19 00:47:10.195 [info] > git status -z -uall [4ms]
2022-11-19 00:47:10.195 [info] > git remote --verbose [7ms]
2022-11-19 00:47:10.195 [info] > git for-each-ref --sort -committerdate --format %(refname) %(objectname) %(*objectname) [10ms]
2022-11-19 00:47:10.195 [info] > git config --get commit.template [1ms]
2022-11-19 00:47:10.201 [info] > git for-each-ref --format=%(refname)%00%(upstream:short)%00%(objectname)%00%(upstream:track)%00%(upstream:remotename)%00%(upstream:remoteref) refs/heads/master refs/remotes/master [1ms]
2022-11-19 00:47:15.223 [info] > git status -z -uall [4ms]
2022-11-19 00:47:15.223 [info] > git remote --verbose [7ms]
2022-11-19 00:47:15.223 [info] > git for-each-ref --sort -committerdate --format %(refname) %(objectname) %(*objectname) [10ms]
2022-11-19 00:47:15.224 [info] > git config --get commit.template [1ms]
2022-11-19 00:47:15.230 [info] > git for-each-ref --format=%(refname)%00%(upstream:short)%00%(objectname)%00%(upstream:track)%00%(upstream:remotename)%00%(upstream:remoteref) refs/heads/master refs/remotes/master [2ms]
2022-11-19 00:47:16.868 [info] > git show --textconv :hikari/hikari.conf [13ms]
2022-11-19 00:47:16.870 [info] > git ls-files --stage -- /home/liljekvist/.config/hikari/hikari.conf [4ms]
2022-11-19 00:47:20.259 [info] > git status -z -uall [5ms]
2022-11-19 00:47:20.260 [info] > git remote --verbose [10ms]
2022-11-19 00:47:20.260 [info] > git for-each-ref --sort -committerdate --format %(refname) %(objectname) %(*objectname) [13ms]
2022-11-19 00:47:20.260 [info] > git config --get commit.template [1ms]
2022-11-19 00:47:20.268 [info] > git for-each-ref --format=%(refname)%00%(upstream:short)%00%(objectname)%00%(upstream:track)%00%(upstream:remotename)%00%(upstream:remoteref) refs/heads/master refs/remotes/master [1ms]
2022-11-19 00:47:25.986 [info] > git check-ignore -v -z --stdin [1ms]
2022-11-19 00:55:35.713 [info] > git status -z -uall [7ms]
2022-11-19 00:55:35.713 [info] > git remote --verbose [12ms]
2022-11-19 00:55:35.713 [info] > git for-each-ref --sort -committerdate --format %(refname) %(objectname) %(*objectname) [18ms]
2022-11-19 00:55:35.715 [info] > git config --get commit.template [3ms]
2022-11-19 00:55:35.721 [info] > git for-each-ref --format=%(refname)%00%(upstream:short)%00%(objectname)%00%(upstream:track)%00%(upstream:remotename)%00%(upstream:remoteref) refs/heads/master refs/remotes/master [2ms]
2022-11-19 00:55:40.774 [info] > git remote --verbose [26ms]
2022-11-19 00:55:40.774 [info] > git for-each-ref --sort -committerdate --format %(refname) %(objectname) %(*objectname) [37ms]
2022-11-19 00:55:40.776 [info] > git status -z -uall [15ms]
2022-11-19 00:55:40.776 [info] > git config --get commit.template [3ms]
2022-11-19 00:55:40.788 [info] > git for-each-ref --format=%(refname)%00%(upstream:short)%00%(objectname)%00%(upstream:track)%00%(upstream:remotename)%00%(upstream:remoteref) refs/heads/master refs/remotes/master [3ms]
2022-11-19 00:57:53.320 [info] > git status -z -uall [5ms]
2022-11-19 00:57:53.320 [info] > git remote --verbose [8ms]
2022-11-19 00:57:53.320 [info] > git for-each-ref --sort -committerdate --format %(refname) %(objectname) %(*objectname) [13ms]
2022-11-19 00:57:53.321 [info] > git config --get commit.template [1ms]
2022-11-19 00:57:53.327 [info] > git for-each-ref --format=%(refname)%00%(upstream:short)%00%(objectname)%00%(upstream:track)%00%(upstream:remotename)%00%(upstream:remoteref) refs/heads/master refs/remotes/master [1ms]
2022-11-19 00:57:58.351 [info] > git status -z -uall [4ms]
2022-11-19 00:57:58.351 [info] > git remote --verbose [8ms]
2022-11-19 00:57:58.351 [info] > git for-each-ref --sort -committerdate --format %(refname) %(objectname) %(*objectname) [10ms]
2022-11-19 00:57:58.352 [info] > git config --get commit.template [1ms]
2022-11-19 00:57:58.357 [info] > git for-each-ref --format=%(refname)%00%(upstream:short)%00%(objectname)%00%(upstream:track)%00%(upstream:remotename)%00%(upstream:remoteref) refs/heads/master refs/remotes/master [1ms]
2022-11-19 00:58:03.409 [info] > git status -z -uall [13ms]
2022-11-19 00:58:03.409 [info] > git remote --verbose [25ms]
2022-11-19 00:58:03.410 [info] > git for-each-ref --sort -committerdate --format %(refname) %(objectname) %(*objectname) [36ms]
2022-11-19 00:58:03.411 [info] > git config --get commit.template [2ms]
2022-11-19 00:58:03.423 [info] > git for-each-ref --format=%(refname)%00%(upstream:short)%00%(objectname)%00%(upstream:track)%00%(upstream:remotename)%00%(upstream:remoteref) refs/heads/master refs/remotes/master [2ms]
2022-11-19 00:58:08.447 [info] > git status -z -uall [4ms]
2022-11-19 00:58:08.447 [info] > git remote --verbose [7ms]
2022-11-19 00:58:08.447 [info] > git for-each-ref --sort -committerdate --format %(refname) %(objectname) %(*objectname) [10ms]
2022-11-19 00:58:08.448 [info] > git config --get commit.template [2ms]
2022-11-19 00:58:08.454 [info] > git for-each-ref --format=%(refname)%00%(upstream:short)%00%(objectname)%00%(upstream:track)%00%(upstream:remotename)%00%(upstream:remoteref) refs/heads/master refs/remotes/master [1ms]
2022-11-19 00:58:13.474 [info] > git status -z -uall [4ms]
2022-11-19 00:58:13.474 [info] > git remote --verbose [8ms]
2022-11-19 00:58:13.474 [info] > git for-each-ref --sort -committerdate --format %(refname) %(objectname) %(*objectname) [10ms]
2022-11-19 00:58:13.475 [info] > git config --get commit.template [1ms]
2022-11-19 00:58:13.481 [info] > git for-each-ref --format=%(refname)%00%(upstream:short)%00%(objectname)%00%(upstream:track)%00%(upstream:remotename)%00%(upstream:remoteref) refs/heads/master refs/remotes/master [2ms]
2022-11-19 00:58:18.503 [info] > git status -z -uall [4ms]
2022-11-19 00:58:18.504 [info] > git remote --verbose [8ms]
2022-11-19 00:58:18.504 [info] > git for-each-ref --sort -committerdate --format %(refname) %(objectname) %(*objectname) [11ms]
2022-11-19 00:58:18.504 [info] > git config --get commit.template [1ms]
2022-11-19 00:58:18.510 [info] > git for-each-ref --format=%(refname)%00%(upstream:short)%00%(objectname)%00%(upstream:track)%00%(upstream:remotename)%00%(upstream:remoteref) refs/heads/master refs/remotes/master [1ms]
2022-11-19 00:58:23.531 [info] > git status -z -uall [4ms]
2022-11-19 00:58:23.531 [info] > git remote --verbose [7ms]
2022-11-19 00:58:23.531 [info] > git for-each-ref --sort -committerdate --format %(refname) %(objectname) %(*objectname) [10ms]
2022-11-19 00:58:23.531 [info] > git config --get commit.template [1ms]
2022-11-19 00:58:23.537 [info] > git for-each-ref --format=%(refname)%00%(upstream:short)%00%(objectname)%00%(upstream:track)%00%(upstream:remotename)%00%(upstream:remoteref) refs/heads/master refs/remotes/master [1ms]
2022-11-19 00:58:28.557 [info] > git status -z -uall [4ms]
2022-11-19 00:58:28.557 [info] > git remote --verbose [7ms]
2022-11-19 00:58:28.557 [info] > git for-each-ref --sort -committerdate --format %(refname) %(objectname) %(*objectname) [10ms]
2022-11-19 00:58:28.558 [info] > git config --get commit.template [1ms]
2022-11-19 00:58:28.563 [info] > git for-each-ref --format=%(refname)%00%(upstream:short)%00%(objectname)%00%(upstream:track)%00%(upstream:remotename)%00%(upstream:remoteref) refs/heads/master refs/remotes/master [1ms]
2022-11-19 00:58:33.585 [info] > git status -z -uall [4ms]
2022-11-19 00:58:33.585 [info] > git remote --verbose [7ms]
2022-11-19 00:58:33.585 [info] > git for-each-ref --sort -committerdate --format %(refname) %(objectname) %(*objectname) [10ms]
2022-11-19 00:58:33.585 [info] > git config --get commit.template [1ms]
2022-11-19 00:58:33.591 [info] > git for-each-ref --format=%(refname)%00%(upstream:short)%00%(objectname)%00%(upstream:track)%00%(upstream:remotename)%00%(upstream:remoteref) refs/heads/master refs/remotes/master [0ms]
2022-11-19 00:58:38.610 [info] > git status -z -uall [4ms]
2022-11-19 00:58:38.610 [info] > git remote --verbose [8ms]
2022-11-19 00:58:38.610 [info] > git for-each-ref --sort -committerdate --format %(refname) %(objectname) %(*objectname) [11ms]
2022-11-19 00:58:38.611 [info] > git config --get commit.template [2ms]
2022-11-19 00:58:38.617 [info] > git for-each-ref --format=%(refname)%00%(upstream:short)%00%(objectname)%00%(upstream:track)%00%(upstream:remotename)%00%(upstream:remoteref) refs/heads/master refs/remotes/master [1ms]
2022-11-19 00:58:43.639 [info] > git status -z -uall [4ms]
2022-11-19 00:58:43.640 [info] > git remote --verbose [7ms]
2022-11-19 00:58:43.640 [info] > git for-each-ref --sort -committerdate --format %(refname) %(objectname) %(*objectname) [10ms]
2022-11-19 00:58:43.640 [info] > git config --get commit.template [1ms]
2022-11-19 00:58:43.646 [info] > git for-each-ref --format=%(refname)%00%(upstream:short)%00%(objectname)%00%(upstream:track)%00%(upstream:remotename)%00%(upstream:remoteref) refs/heads/master refs/remotes/master [1ms]
2022-11-19 00:58:48.668 [info] > git status -z -uall [4ms]
2022-11-19 00:58:48.669 [info] > git remote --verbose [7ms]
2022-11-19 00:58:48.669 [info] > git for-each-ref --sort -committerdate --format %(refname) %(objectname) %(*objectname) [11ms]
2022-11-19 00:58:48.669 [info] > git config --get commit.template [1ms]
2022-11-19 00:58:48.674 [info] > git for-each-ref --format=%(refname)%00%(upstream:short)%00%(objectname)%00%(upstream:track)%00%(upstream:remotename)%00%(upstream:remoteref) refs/heads/master refs/remotes/master [1ms]
2022-11-19 00:58:53.695 [info] > git status -z -uall [4ms]
2022-11-19 00:58:53.695 [info] > git remote --verbose [7ms]
2022-11-19 00:58:53.695 [info] > git for-each-ref --sort -committerdate --format %(refname) %(objectname) %(*objectname) [10ms]
2022-11-19 00:58:53.695 [info] > git config --get commit.template [1ms]
2022-11-19 00:58:53.701 [info] > git for-each-ref --format=%(refname)%00%(upstream:short)%00%(objectname)%00%(upstream:track)%00%(upstream:remotename)%00%(upstream:remoteref) refs/heads/master refs/remotes/master [1ms]
2022-11-19 00:58:58.724 [info] > git status -z -uall [4ms]
2022-11-19 00:58:58.724 [info] > git remote --verbose [7ms]
2022-11-19 00:58:58.724 [info] > git for-each-ref --sort -committerdate --format %(refname) %(objectname) %(*objectname) [10ms]
2022-11-19 00:58:58.724 [info] > git config --get commit.template [1ms]
2022-11-19 00:58:58.730 [info] > git for-each-ref --format=%(refname)%00%(upstream:short)%00%(objectname)%00%(upstream:track)%00%(upstream:remotename)%00%(upstream:remoteref) refs/heads/master refs/remotes/master [1ms]
2022-11-19 00:59:03.751 [info] > git status -z -uall [4ms]
2022-11-19 00:59:03.751 [info] > git remote --verbose [7ms]
2022-11-19 00:59:03.751 [info] > git for-each-ref --sort -committerdate --format %(refname) %(objectname) %(*objectname) [10ms]
2022-11-19 00:59:03.752 [info] > git config --get commit.template [1ms]
2022-11-19 00:59:03.757 [info] > git for-each-ref --format=%(refname)%00%(upstream:short)%00%(objectname)%00%(upstream:track)%00%(upstream:remotename)%00%(upstream:remoteref) refs/heads/master refs/remotes/master [1ms]
2022-11-19 00:59:08.778 [info] > git status -z -uall [5ms]
2022-11-19 00:59:08.778 [info] > git remote --verbose [8ms]
2022-11-19 00:59:08.778 [info] > git for-each-ref --sort -committerdate --format %(refname) %(objectname) %(*objectname) [11ms]
2022-11-19 00:59:08.778 [info] > git config --get commit.template [1ms]
2022-11-19 00:59:08.785 [info] > git for-each-ref --format=%(refname)%00%(upstream:short)%00%(objectname)%00%(upstream:track)%00%(upstream:remotename)%00%(upstream:remoteref) refs/heads/master refs/remotes/master [1ms]
2022-11-19 00:59:13.808 [info] > git status -z -uall [4ms]
2022-11-19 00:59:13.808 [info] > git remote --verbose [7ms]
2022-11-19 00:59:13.808 [info] > git for-each-ref --sort -committerdate --format %(refname) %(objectname) %(*objectname) [11ms]
2022-11-19 00:59:13.809 [info] > git config --get commit.template [1ms]
2022-11-19 00:59:13.814 [info] > git for-each-ref --format=%(refname)%00%(upstream:short)%00%(objectname)%00%(upstream:track)%00%(upstream:remotename)%00%(upstream:remoteref) refs/heads/master refs/remotes/master [1ms]
2022-11-19 00:59:18.836 [info] > git status -z -uall [5ms]
2022-11-19 00:59:18.836 [info] > git remote --verbose [8ms]
2022-11-19 00:59:18.836 [info] > git for-each-ref --sort -committerdate --format %(refname) %(objectname) %(*objectname) [11ms]
2022-11-19 00:59:18.837 [info] > git config --get commit.template [2ms]
2022-11-19 00:59:18.843 [info] > git for-each-ref --format=%(refname)%00%(upstream:short)%00%(objectname)%00%(upstream:track)%00%(upstream:remotename)%00%(upstream:remoteref) refs/heads/master refs/remotes/master [1ms]
2022-11-19 00:59:23.865 [info] > git status -z -uall [5ms]
2022-11-19 00:59:23.865 [info] > git remote --verbose [8ms]
2022-11-19 00:59:23.865 [info] > git for-each-ref --sort -committerdate --format %(refname) %(objectname) %(*objectname) [11ms]
2022-11-19 00:59:23.865 [info] > git config --get commit.template [1ms]
2022-11-19 00:59:23.871 [info] > git for-each-ref --format=%(refname)%00%(upstream:short)%00%(objectname)%00%(upstream:track)%00%(upstream:remotename)%00%(upstream:remoteref) refs/heads/master refs/remotes/master [1ms]
2022-11-19 00:59:28.893 [info] > git status -z -uall [5ms]
2022-11-19 00:59:28.893 [info] > git remote --verbose [8ms]
2022-11-19 00:59:28.893 [info] > git for-each-ref --sort -committerdate --format %(refname) %(objectname) %(*objectname) [11ms]
2022-11-19 00:59:28.893 [info] > git config --get commit.template [1ms]
2022-11-19 00:59:28.901 [info] > git for-each-ref --format=%(refname)%00%(upstream:short)%00%(objectname)%00%(upstream:track)%00%(upstream:remotename)%00%(upstream:remoteref) refs/heads/master refs/remotes/master [1ms]
2022-11-19 00:59:33.922 [info] > git status -z -uall [4ms]
2022-11-19 00:59:33.922 [info] > git remote --verbose [7ms]
2022-11-19 00:59:33.923 [info] > git for-each-ref --sort -committerdate --format %(refname) %(objectname) %(*objectname) [11ms]
2022-11-19 00:59:33.923 [info] > git config --get commit.template [1ms]
2022-11-19 00:59:33.929 [info] > git for-each-ref --format=%(refname)%00%(upstream:short)%00%(objectname)%00%(upstream:track)%00%(upstream:remotename)%00%(upstream:remoteref) refs/heads/master refs/remotes/master [1ms]
2022-11-19 00:59:38.953 [info] > git status -z -uall [4ms]
2022-11-19 00:59:38.953 [info] > git remote --verbose [8ms]
2022-11-19 00:59:38.953 [info] > git for-each-ref --sort -committerdate --format %(refname) %(objectname) %(*objectname) [11ms]
2022-11-19 00:59:38.954 [info] > git config --get commit.template [1ms]
2022-11-19 00:59:38.960 [info] > git for-each-ref --format=%(refname)%00%(upstream:short)%00%(objectname)%00%(upstream:track)%00%(upstream:remotename)%00%(upstream:remoteref) refs/heads/master refs/remotes/master [1ms]
2022-11-19 00:59:44.016 [info] > git status -z -uall [13ms]
2022-11-19 00:59:44.016 [info] > git remote --verbose [26ms]
2022-11-19 00:59:44.016 [info] > git for-each-ref --sort -committerdate --format %(refname) %(objectname) %(*objectname) [38ms]
2022-11-19 00:59:44.017 [info] > git config --get commit.template [2ms]
2022-11-19 00:59:44.029 [info] > git for-each-ref --format=%(refname)%00%(upstream:short)%00%(objectname)%00%(upstream:track)%00%(upstream:remotename)%00%(upstream:remoteref) refs/heads/master refs/remotes/master [2ms]
2022-11-19 00:59:49.054 [info] > git status -z -uall [5ms]
2022-11-19 00:59:49.054 [info] > git remote --verbose [10ms]
2022-11-19 00:59:49.054 [info] > git for-each-ref --sort -committerdate --format %(refname) %(objectname) %(*objectname) [14ms]
2022-11-19 00:59:49.055 [info] > git config --get commit.template [2ms]
2022-11-19 00:59:49.062 [info] > git for-each-ref --format=%(refname)%00%(upstream:short)%00%(objectname)%00%(upstream:track)%00%(upstream:remotename)%00%(upstream:remoteref) refs/heads/master refs/remotes/master [1ms]
2022-11-19 00:59:54.088 [info] > git status -z -uall [5ms]
2022-11-19 00:59:54.088 [info] > git remote --verbose [10ms]
2022-11-19 00:59:54.088 [info] > git for-each-ref --sort -committerdate --format %(refname) %(objectname) %(*objectname) [15ms]
2022-11-19 00:59:54.088 [info] > git config --get commit.template [1ms]
2022-11-19 00:59:54.094 [info] > git for-each-ref --format=%(refname)%00%(upstream:short)%00%(objectname)%00%(upstream:track)%00%(upstream:remotename)%00%(upstream:remoteref) refs/heads/master refs/remotes/master [1ms]
2022-11-19 01:00:12.293 [info] > git status -z -uall [6ms]
2022-11-19 01:00:12.293 [info] > git remote --verbose [11ms]
2022-11-19 01:00:12.293 [info] > git for-each-ref --sort -committerdate --format %(refname) %(objectname) %(*objectname) [15ms]
2022-11-19 01:00:12.294 [info] > git config --get commit.template [1ms]
2022-11-19 01:00:12.300 [info] > git for-each-ref --format=%(refname)%00%(upstream:short)%00%(objectname)%00%(upstream:track)%00%(upstream:remotename)%00%(upstream:remoteref) refs/heads/master refs/remotes/master [1ms]
2022-11-19 01:00:17.327 [info] > git status -z -uall [6ms]
2022-11-19 01:00:17.327 [info] > git remote --verbose [10ms]
2022-11-19 01:00:17.327 [info] > git for-each-ref --sort -committerdate --format %(refname) %(objectname) %(*objectname) [14ms]
2022-11-19 01:00:17.328 [info] > git config --get commit.template [1ms]
2022-11-19 01:00:17.333 [info] > git for-each-ref --format=%(refname)%00%(upstream:short)%00%(objectname)%00%(upstream:track)%00%(upstream:remotename)%00%(upstream:remoteref) refs/heads/master refs/remotes/master [1ms]
2022-11-19 01:00:22.357 [info] > git status -z -uall [5ms]
2022-11-19 01:00:22.357 [info] > git remote --verbose [9ms]
2022-11-19 01:00:22.357 [info] > git for-each-ref --sort -committerdate --format %(refname) %(objectname) %(*objectname) [12ms]
2022-11-19 01:00:22.357 [info] > git config --get commit.template [2ms]
2022-11-19 01:00:22.364 [info] > git for-each-ref --format=%(refname)%00%(upstream:short)%00%(objectname)%00%(upstream:track)%00%(upstream:remotename)%00%(upstream:remoteref) refs/heads/master refs/remotes/master [2ms]
2022-11-19 01:00:27.386 [info] > git status -z -uall [4ms]
2022-11-19 01:00:27.386 [info] > git remote --verbose [7ms]
2022-11-19 01:00:27.386 [info] > git for-each-ref --sort -committerdate --format %(refname) %(objectname) %(*objectname) [10ms]
2022-11-19 01:00:27.386 [info] > git config --get commit.template [1ms]
2022-11-19 01:00:27.392 [info] > git for-each-ref --format=%(refname)%00%(upstream:short)%00%(objectname)%00%(upstream:track)%00%(upstream:remotename)%00%(upstream:remoteref) refs/heads/master refs/remotes/master [1ms]
2022-11-19 01:00:32.417 [info] > git status -z -uall [4ms]
2022-11-19 01:00:32.417 [info] > git remote --verbose [7ms]
2022-11-19 01:00:32.417 [info] > git for-each-ref --sort -committerdate --format %(refname) %(objectname) %(*objectname) [10ms]
2022-11-19 01:00:32.417 [info] > git config --get commit.template [1ms]
2022-11-19 01:00:32.423 [info] > git for-each-ref --format=%(refname)%00%(upstream:short)%00%(objectname)%00%(upstream:track)%00%(upstream:remotename)%00%(upstream:remoteref) refs/heads/master refs/remotes/master [1ms]
2022-11-19 01:00:37.450 [info] > git status -z -uall [4ms]
2022-11-19 01:00:37.450 [info] > git remote --verbose [7ms]
2022-11-19 01:00:37.450 [info] > git for-each-ref --sort -committerdate --format %(refname) %(objectname) %(*objectname) [10ms]
2022-11-19 01:00:37.451 [info] > git config --get commit.template [1ms]
2022-11-19 01:00:37.457 [info] > git for-each-ref --format=%(refname)%00%(upstream:short)%00%(objectname)%00%(upstream:track)%00%(upstream:remotename)%00%(upstream:remoteref) refs/heads/master refs/remotes/master [1ms]
2022-11-19 01:00:42.477 [info] > git status -z -uall [4ms]
2022-11-19 01:00:42.477 [info] > git remote --verbose [7ms]
2022-11-19 01:00:42.477 [info] > git for-each-ref --sort -committerdate --format %(refname) %(objectname) %(*objectname) [10ms]
2022-11-19 01:00:42.477 [info] > git config --get commit.template [1ms]
2022-11-19 01:00:42.483 [info] > git for-each-ref --format=%(refname)%00%(upstream:short)%00%(objectname)%00%(upstream:track)%00%(upstream:remotename)%00%(upstream:remoteref) refs/heads/master refs/remotes/master [1ms]
2022-11-19 01:00:47.510 [info] > git status -z -uall [4ms]
2022-11-19 01:00:47.510 [info] > git remote --verbose [7ms]
2022-11-19 01:00:47.510 [info] > git for-each-ref --sort -committerdate --format %(refname) %(objectname) %(*objectname) [10ms]
2022-11-19 01:00:47.511 [info] > git config --get commit.template [1ms]
2022-11-19 01:00:47.517 [info] > git for-each-ref --format=%(refname)%00%(upstream:short)%00%(objectname)%00%(upstream:track)%00%(upstream:remotename)%00%(upstream:remoteref) refs/heads/master refs/remotes/master [2ms]
2022-11-19 01:00:52.549 [info] > git status -z -uall [5ms]
2022-11-19 01:00:52.549 [info] > git remote --verbose [9ms]
2022-11-19 01:00:52.549 [info] > git for-each-ref --sort -committerdate --format %(refname) %(objectname) %(*objectname) [12ms]
2022-11-19 01:00:52.550 [info] > git config --get commit.template [1ms]
2022-11-19 01:00:52.555 [info] > git for-each-ref --format=%(refname)%00%(upstream:short)%00%(objectname)%00%(upstream:track)%00%(upstream:remotename)%00%(upstream:remoteref) refs/heads/master refs/remotes/master [1ms]
