2022-11-19 02:06:57.781 [info] Validating found git in: git
2022-11-19 02:06:57.781 [info] Using git 2.38.1 from git
2022-11-19 02:06:57.782 [info] > git rev-parse --show-toplevel [4ms]
2022-11-19 02:06:57.782 [info] fatal: not a git repository (or any parent up to mount point /)
Stopping at filesystem boundary (GIT_DISCOVERY_ACROSS_FILESYSTEM not set).
2022-11-19 02:06:57.782 [info] > git rev-parse --show-toplevel [1ms]
2022-11-19 02:06:57.782 [info] > git rev-parse --git-dir --git-common-dir [1ms]
2022-11-19 02:06:57.782 [info] Log level: Info
2022-11-19 02:06:57.782 [info] Open repository: /home/liljekvist/.config
2022-11-19 02:06:57.782 [info] > git status -z -uall [36ms]
2022-11-19 02:06:57.782 [info] > git rev-parse --show-toplevel [30ms]
2022-11-19 02:06:57.782 [info] fatal: not a git repository (or any parent up to mount point /)
Stopping at filesystem boundary (GIT_DISCOVERY_ACROSS_FILESYSTEM not set).
2022-11-19 02:06:57.782 [info] > git remote --verbose [49ms]
2022-11-19 02:06:57.782 [info] > git for-each-ref --sort -committerdate --format %(refname) %(objectname) %(*objectname) [52ms]
2022-11-19 02:06:57.782 [info] > git rev-parse --show-toplevel [5ms]
2022-11-19 02:06:57.782 [info] fatal: not a git repository (or any parent up to mount point /)
Stopping at filesystem boundary (GIT_DISCOVERY_ACROSS_FILESYSTEM not set).
2022-11-19 02:06:57.782 [info] > git config --get commit.template [15ms]
2022-11-19 02:06:57.782 [info] > git rev-parse --show-toplevel [1ms]
2022-11-19 02:06:57.782 [info] fatal: not a git repository (or any parent up to mount point /)
Stopping at filesystem boundary (GIT_DISCOVERY_ACROSS_FILESYSTEM not set).
2022-11-19 02:06:57.782 [info] > git rev-parse --show-toplevel [5ms]
2022-11-19 02:06:57.782 [info] fatal: not a git repository (or any parent up to mount point /)
Stopping at filesystem boundary (GIT_DISCOVERY_ACROSS_FILESYSTEM not set).
2022-11-19 02:06:57.782 [info] > git for-each-ref --format=%(refname)%00%(upstream:short)%00%(objectname)%00%(upstream:track)%00%(upstream:remotename)%00%(upstream:remoteref) refs/heads/master refs/remotes/master [5ms]
2022-11-19 02:06:57.795 [info] > git status -z -uall [125ms]
2022-11-19 02:06:57.798 [info] > git remote --verbose [132ms]
2022-11-19 02:06:57.798 [info] > git for-each-ref --sort -committerdate --format %(refname) %(objectname) %(*objectname) [136ms]
2022-11-19 02:06:57.798 [info] > git rev-parse --show-toplevel [167ms]
2022-11-19 02:06:57.798 [info] fatal: not a git repository (or any parent up to mount point /)
Stopping at filesystem boundary (GIT_DISCOVERY_ACROSS_FILESYSTEM not set).
2022-11-19 02:06:57.804 [info] > git rev-parse --show-toplevel [2ms]
2022-11-19 02:06:57.804 [info] fatal: not a git repository (or any parent up to mount point /)
Stopping at filesystem boundary (GIT_DISCOVERY_ACROSS_FILESYSTEM not set).
2022-11-19 02:06:57.808 [info] > git config --get commit.template [15ms]
2022-11-19 02:06:57.812 [info] > git rev-parse --show-toplevel [4ms]
2022-11-19 02:06:57.812 [info] fatal: not a git repository (or any parent up to mount point /)
Stopping at filesystem boundary (GIT_DISCOVERY_ACROSS_FILESYSTEM not set).
2022-11-19 02:06:57.817 [info] > git for-each-ref --format=%(refname)%00%(upstream:short)%00%(objectname)%00%(upstream:track)%00%(upstream:remotename)%00%(upstream:remoteref) refs/heads/master refs/remotes/master [4ms]
2022-11-19 02:06:57.825 [info] > git rev-parse --show-toplevel [9ms]
2022-11-19 02:06:57.826 [info] fatal: not a git repository (or any parent up to mount point /)
Stopping at filesystem boundary (GIT_DISCOVERY_ACROSS_FILESYSTEM not set).
2022-11-19 02:06:57.830 [info] > git rev-parse --show-toplevel [1ms]
2022-11-19 02:06:57.830 [info] fatal: not a git repository (or any parent up to mount point /)
Stopping at filesystem boundary (GIT_DISCOVERY_ACROSS_FILESYSTEM not set).
2022-11-19 02:06:57.836 [info] > git rev-parse --show-toplevel [2ms]
2022-11-19 02:06:57.836 [info] fatal: not a git repository (or any parent up to mount point /)
Stopping at filesystem boundary (GIT_DISCOVERY_ACROSS_FILESYSTEM not set).
2022-11-19 02:06:57.841 [info] > git rev-parse --show-toplevel [1ms]
2022-11-19 02:06:57.841 [info] fatal: not a git repository (or any parent up to mount point /)
Stopping at filesystem boundary (GIT_DISCOVERY_ACROSS_FILESYSTEM not set).
2022-11-19 02:06:57.846 [info] > git rev-parse --show-toplevel [1ms]
2022-11-19 02:06:57.851 [info] > git rev-parse --git-dir --git-common-dir [1ms]
2022-11-19 02:06:57.853 [info] Log level: Info
2022-11-19 02:06:57.853 [info] Open repository: /home/liljekvist/dotfiles
2022-11-19 02:06:57.876 [info] > git status -z -uall [10ms]
2022-11-19 02:06:57.876 [info] > git remote --verbose [15ms]
2022-11-19 02:06:57.876 [info] > git for-each-ref --sort -committerdate --format %(refname) %(objectname) %(*objectname) [19ms]
2022-11-19 02:06:57.877 [info] > git config --get commit.template [3ms]
2022-11-19 02:06:57.877 [info] > git rev-parse --show-toplevel [8ms]
2022-11-19 02:06:57.877 [info] fatal: not a git repository (or any parent up to mount point /)
Stopping at filesystem boundary (GIT_DISCOVERY_ACROSS_FILESYSTEM not set).
2022-11-19 02:06:57.889 [info] > git rev-parse --show-toplevel [8ms]
2022-11-19 02:06:57.889 [info] fatal: not a git repository (or any parent up to mount point /)
Stopping at filesystem boundary (GIT_DISCOVERY_ACROSS_FILESYSTEM not set).
2022-11-19 02:06:57.894 [info] > git for-each-ref --format=%(refname)%00%(upstream:short)%00%(objectname)%00%(upstream:track)%00%(upstream:remotename)%00%(upstream:remoteref) refs/heads/master refs/remotes/master [9ms]
2022-11-19 02:06:57.896 [info] > git rev-parse --show-toplevel [4ms]
2022-11-19 02:06:57.900 [info] > git rev-parse --git-dir --git-common-dir [1ms]
2022-11-19 02:06:57.902 [info] Log level: Info
2022-11-19 02:06:57.902 [info] Open repository: /home/liljekvist/yay
2022-11-19 02:06:58.014 [info] > git status -z -uall [102ms]
2022-11-19 02:06:58.014 [info] > git rev-parse --show-toplevel [98ms]
2022-11-19 02:06:58.014 [info] fatal: not a git repository (or any parent up to mount point /)
Stopping at filesystem boundary (GIT_DISCOVERY_ACROSS_FILESYSTEM not set).
2022-11-19 02:06:58.018 [info] > git remote --verbose [109ms]
2022-11-19 02:06:58.018 [info] > git for-each-ref --sort -committerdate --format %(refname) %(objectname) %(*objectname) [113ms]
2022-11-19 02:06:58.020 [info] > git rev-parse --show-toplevel [1ms]
2022-11-19 02:06:58.020 [info] fatal: not a git repository (or any parent up to mount point /)
Stopping at filesystem boundary (GIT_DISCOVERY_ACROSS_FILESYSTEM not set).
2022-11-19 02:06:58.020 [info] > git config --get commit.template [12ms]
2022-11-19 02:06:58.024 [info] > git for-each-ref --format=%(refname)%00%(upstream:short)%00%(objectname)%00%(upstream:track)%00%(upstream:remotename)%00%(upstream:remoteref) refs/heads/master refs/remotes/master [1ms]
2022-11-19 02:06:58.089 [info] > git check-ignore -v -z --stdin [1ms]
2022-11-19 02:06:58.270 [info] > git show --textconv :hypr/hyprland.conf [14ms]
2022-11-19 02:06:58.273 [info] > git ls-files --stage -- /home/liljekvist/.config/hypr/hyprland.conf [4ms]
2022-11-19 02:06:59.841 [info] > git remote --verbose [16ms]
2022-11-19 02:06:59.841 [info] > git for-each-ref --sort -committerdate --format %(refname) %(objectname) %(*objectname) [25ms]
2022-11-19 02:06:59.842 [info] > git status -z -uall [9ms]
2022-11-19 02:06:59.842 [info] > git config --get commit.template [2ms]
2022-11-19 02:06:59.851 [info] > git for-each-ref --format=%(refname)%00%(upstream:short)%00%(objectname)%00%(upstream:track)%00%(upstream:remotename)%00%(upstream:remoteref) refs/heads/master refs/remotes/master [2ms]
2022-11-19 02:07:04.919 [info] > git status -z -uall [15ms]
2022-11-19 02:07:04.920 [info] > git remote --verbose [30ms]
2022-11-19 02:07:04.920 [info] > git for-each-ref --sort -committerdate --format %(refname) %(objectname) %(*objectname) [44ms]
2022-11-19 02:07:04.921 [info] > git config --get commit.template [3ms]
2022-11-19 02:07:04.935 [info] > git for-each-ref --format=%(refname)%00%(upstream:short)%00%(objectname)%00%(upstream:track)%00%(upstream:remotename)%00%(upstream:remoteref) refs/heads/master refs/remotes/master [2ms]
2022-11-19 02:07:13.928 [info] > git remote --verbose [9ms]
2022-11-19 02:07:13.929 [info] > git for-each-ref --sort -committerdate --format %(refname) %(objectname) %(*objectname) [13ms]
2022-11-19 02:07:13.930 [info] > git status -z -uall [7ms]
2022-11-19 02:07:13.931 [info] > git config --get commit.template [3ms]
2022-11-19 02:07:13.938 [info] > git for-each-ref --format=%(refname)%00%(upstream:short)%00%(objectname)%00%(upstream:track)%00%(upstream:remotename)%00%(upstream:remoteref) refs/heads/master refs/remotes/master [1ms]
2022-11-19 02:07:21.833 [info] > git remote --verbose [8ms]
2022-11-19 02:07:21.833 [info] > git for-each-ref --sort -committerdate --format %(refname) %(objectname) %(*objectname) [12ms]
2022-11-19 02:07:21.834 [info] > git status -z -uall [6ms]
2022-11-19 02:07:21.834 [info] > git config --get commit.template [2ms]
2022-11-19 02:07:21.842 [info] > git for-each-ref --format=%(refname)%00%(upstream:short)%00%(objectname)%00%(upstream:track)%00%(upstream:remotename)%00%(upstream:remoteref) refs/heads/master refs/remotes/master [2ms]
2022-11-19 02:07:26.874 [info] > git remote --verbose [8ms]
2022-11-19 02:07:26.874 [info] > git for-each-ref --sort -committerdate --format %(refname) %(objectname) %(*objectname) [10ms]
2022-11-19 02:07:26.874 [info] > git status -z -uall [5ms]
2022-11-19 02:07:26.874 [info] > git config --get commit.template [1ms]
2022-11-19 02:07:26.881 [info] > git for-each-ref --format=%(refname)%00%(upstream:short)%00%(objectname)%00%(upstream:track)%00%(upstream:remotename)%00%(upstream:remoteref) refs/heads/master refs/remotes/master [1ms]
2022-11-19 02:07:31.907 [info] > git status -z -uall [4ms]
2022-11-19 02:07:31.908 [info] > git remote --verbose [7ms]
2022-11-19 02:07:31.908 [info] > git for-each-ref --sort -committerdate --format %(refname) %(objectname) %(*objectname) [12ms]
2022-11-19 02:07:31.908 [info] > git config --get commit.template [1ms]
2022-11-19 02:07:31.914 [info] > git for-each-ref --format=%(refname)%00%(upstream:short)%00%(objectname)%00%(upstream:track)%00%(upstream:remotename)%00%(upstream:remoteref) refs/heads/master refs/remotes/master [1ms]
2022-11-19 02:07:36.940 [info] > git remote --verbose [7ms]
2022-11-19 02:07:36.941 [info] > git for-each-ref --sort -committerdate --format %(refname) %(objectname) %(*objectname) [9ms]
2022-11-19 02:07:36.941 [info] > git status -z -uall [5ms]
2022-11-19 02:07:36.941 [info] > git config --get commit.template [1ms]
2022-11-19 02:07:36.948 [info] > git for-each-ref --format=%(refname)%00%(upstream:short)%00%(objectname)%00%(upstream:track)%00%(upstream:remotename)%00%(upstream:remoteref) refs/heads/master refs/remotes/master [1ms]
2022-11-19 02:07:41.973 [info] > git remote --verbose [6ms]
2022-11-19 02:07:41.973 [info] > git for-each-ref --sort -committerdate --format %(refname) %(objectname) %(*objectname) [10ms]
2022-11-19 02:07:41.973 [info] > git status -z -uall [5ms]
2022-11-19 02:07:41.974 [info] > git config --get commit.template [1ms]
2022-11-19 02:07:41.979 [info] > git for-each-ref --format=%(refname)%00%(upstream:short)%00%(objectname)%00%(upstream:track)%00%(upstream:remotename)%00%(upstream:remoteref) refs/heads/master refs/remotes/master [1ms]
2022-11-19 02:07:47.034 [info] > git remote --verbose [24ms]
2022-11-19 02:07:47.034 [info] > git for-each-ref --sort -committerdate --format %(refname) %(objectname) %(*objectname) [36ms]
2022-11-19 02:07:47.035 [info] > git status -z -uall [14ms]
2022-11-19 02:07:47.036 [info] > git config --get commit.template [4ms]
2022-11-19 02:07:47.046 [info] > git for-each-ref --format=%(refname)%00%(upstream:short)%00%(objectname)%00%(upstream:track)%00%(upstream:remotename)%00%(upstream:remoteref) refs/heads/master refs/remotes/master [2ms]
2022-11-19 02:07:52.074 [info] > git status -z -uall [5ms]
2022-11-19 02:07:52.074 [info] > git remote --verbose [9ms]
2022-11-19 02:07:52.074 [info] > git for-each-ref --sort -committerdate --format %(refname) %(objectname) %(*objectname) [12ms]
2022-11-19 02:07:52.075 [info] > git config --get commit.template [2ms]
2022-11-19 02:07:52.083 [info] > git for-each-ref --format=%(refname)%00%(upstream:short)%00%(objectname)%00%(upstream:track)%00%(upstream:remotename)%00%(upstream:remoteref) refs/heads/master refs/remotes/master [1ms]
2022-11-19 02:07:57.122 [info] > git status -z -uall [8ms]
2022-11-19 02:07:57.123 [info] > git remote --verbose [17ms]
2022-11-19 02:07:57.123 [info] > git for-each-ref --sort -committerdate --format %(refname) %(objectname) %(*objectname) [25ms]
2022-11-19 02:07:57.125 [info] > git config --get commit.template [4ms]
2022-11-19 02:07:57.133 [info] > git for-each-ref --format=%(refname)%00%(upstream:short)%00%(objectname)%00%(upstream:track)%00%(upstream:remotename)%00%(upstream:remoteref) refs/heads/master refs/remotes/master [1ms]
2022-11-19 02:08:02.162 [info] > git remote --verbose [8ms]
2022-11-19 02:08:02.162 [info] > git for-each-ref --sort -committerdate --format %(refname) %(objectname) %(*objectname) [11ms]
2022-11-19 02:08:02.163 [info] > git status -z -uall [5ms]
2022-11-19 02:08:02.163 [info] > git config --get commit.template [2ms]
2022-11-19 02:08:02.170 [info] > git for-each-ref --format=%(refname)%00%(upstream:short)%00%(objectname)%00%(upstream:track)%00%(upstream:remotename)%00%(upstream:remoteref) refs/heads/master refs/remotes/master [1ms]
2022-11-19 02:08:07.207 [info] > git status -z -uall [8ms]
2022-11-19 02:08:07.207 [info] > git remote --verbose [15ms]
2022-11-19 02:08:07.208 [info] > git for-each-ref --sort -committerdate --format %(refname) %(objectname) %(*objectname) [24ms]
2022-11-19 02:08:07.209 [info] > git config --get commit.template [3ms]
2022-11-19 02:08:07.221 [info] > git for-each-ref --format=%(refname)%00%(upstream:short)%00%(objectname)%00%(upstream:track)%00%(upstream:remotename)%00%(upstream:remoteref) refs/heads/master refs/remotes/master [3ms]
2022-11-19 02:08:12.251 [info] > git status -z -uall [4ms]
2022-11-19 02:08:12.251 [info] > git remote --verbose [8ms]
2022-11-19 02:08:12.252 [info] > git for-each-ref --sort -committerdate --format %(refname) %(objectname) %(*objectname) [12ms]
2022-11-19 02:08:12.252 [info] > git config --get commit.template [1ms]
2022-11-19 02:08:12.259 [info] > git for-each-ref --format=%(refname)%00%(upstream:short)%00%(objectname)%00%(upstream:track)%00%(upstream:remotename)%00%(upstream:remoteref) refs/heads/master refs/remotes/master [1ms]
2022-11-19 02:08:17.281 [info] > git remote --verbose [7ms]
2022-11-19 02:08:17.281 [info] > git for-each-ref --sort -committerdate --format %(refname) %(objectname) %(*objectname) [10ms]
2022-11-19 02:08:17.281 [info] > git status -z -uall [4ms]
2022-11-19 02:08:17.282 [info] > git config --get commit.template [2ms]
2022-11-19 02:08:17.288 [info] > git for-each-ref --format=%(refname)%00%(upstream:short)%00%(objectname)%00%(upstream:track)%00%(upstream:remotename)%00%(upstream:remoteref) refs/heads/master refs/remotes/master [1ms]
2022-11-19 02:08:22.310 [info] > git remote --verbose [8ms]
2022-11-19 02:08:22.310 [info] > git for-each-ref --sort -committerdate --format %(refname) %(objectname) %(*objectname) [11ms]
2022-11-19 02:08:22.311 [info] > git status -z -uall [5ms]
2022-11-19 02:08:22.311 [info] > git config --get commit.template [1ms]
2022-11-19 02:08:22.320 [info] > git for-each-ref --format=%(refname)%00%(upstream:short)%00%(objectname)%00%(upstream:track)%00%(upstream:remotename)%00%(upstream:remoteref) refs/heads/master refs/remotes/master [1ms]
2022-11-19 02:08:56.369 [info] > git status -z -uall [6ms]
2022-11-19 02:08:56.369 [info] > git remote --verbose [10ms]
2022-11-19 02:08:56.369 [info] > git for-each-ref --sort -committerdate --format %(refname) %(objectname) %(*objectname) [14ms]
2022-11-19 02:08:56.370 [info] > git config --get commit.template [2ms]
2022-11-19 02:08:56.377 [info] > git for-each-ref --format=%(refname)%00%(upstream:short)%00%(objectname)%00%(upstream:track)%00%(upstream:remotename)%00%(upstream:remoteref) refs/heads/master refs/remotes/master [1ms]
2022-11-19 02:09:01.400 [info] > git remote --verbose [7ms]
2022-11-19 02:09:01.400 [info] > git for-each-ref --sort -committerdate --format %(refname) %(objectname) %(*objectname) [11ms]
2022-11-19 02:09:01.400 [info] > git status -z -uall [5ms]
2022-11-19 02:09:01.400 [info] > git config --get commit.template [1ms]
2022-11-19 02:09:01.407 [info] > git for-each-ref --format=%(refname)%00%(upstream:short)%00%(objectname)%00%(upstream:track)%00%(upstream:remotename)%00%(upstream:remoteref) refs/heads/master refs/remotes/master [1ms]
2022-11-19 02:09:02.172 [info] > git check-ignore -v -z --stdin [1ms]
2022-11-19 02:09:06.431 [info] > git remote --verbose [7ms]
2022-11-19 02:09:06.431 [info] > git for-each-ref --sort -committerdate --format %(refname) %(objectname) %(*objectname) [10ms]
2022-11-19 02:09:06.432 [info] > git status -z -uall [5ms]
2022-11-19 02:09:06.432 [info] > git config --get commit.template [1ms]
2022-11-19 02:09:06.438 [info] > git for-each-ref --format=%(refname)%00%(upstream:short)%00%(objectname)%00%(upstream:track)%00%(upstream:remotename)%00%(upstream:remoteref) refs/heads/master refs/remotes/master [1ms]
2022-11-19 02:09:11.470 [info] > git remote --verbose [15ms]
2022-11-19 02:09:11.470 [info] > git for-each-ref --sort -committerdate --format %(refname) %(objectname) %(*objectname) [20ms]
2022-11-19 02:09:11.471 [info] > git status -z -uall [10ms]
2022-11-19 02:09:11.471 [info] > git config --get commit.template [2ms]
2022-11-19 02:09:11.485 [info] > git for-each-ref --format=%(refname)%00%(upstream:short)%00%(objectname)%00%(upstream:track)%00%(upstream:remotename)%00%(upstream:remoteref) refs/heads/master refs/remotes/master [2ms]
2022-11-19 02:09:16.546 [info] > git remote --verbose [28ms]
2022-11-19 02:09:16.547 [info] > git for-each-ref --sort -committerdate --format %(refname) %(objectname) %(*objectname) [39ms]
2022-11-19 02:09:16.548 [info] > git status -z -uall [18ms]
2022-11-19 02:09:16.548 [info] > git config --get commit.template [4ms]
2022-11-19 02:09:16.569 [info] > git for-each-ref --format=%(refname)%00%(upstream:short)%00%(objectname)%00%(upstream:track)%00%(upstream:remotename)%00%(upstream:remoteref) refs/heads/master refs/remotes/master [3ms]
2022-11-19 02:09:21.604 [info] > git remote --verbose [10ms]
2022-11-19 02:09:21.604 [info] > git for-each-ref --sort -committerdate --format %(refname) %(objectname) %(*objectname) [16ms]
2022-11-19 02:09:21.604 [info] > git status -z -uall [6ms]
2022-11-19 02:09:21.604 [info] > git config --get commit.template [1ms]
2022-11-19 02:09:21.611 [info] > git for-each-ref --format=%(refname)%00%(upstream:short)%00%(objectname)%00%(upstream:track)%00%(upstream:remotename)%00%(upstream:remoteref) refs/heads/master refs/remotes/master [1ms]
2022-11-19 02:09:26.638 [info] > git remote --verbose [7ms]
2022-11-19 02:09:26.638 [info] > git for-each-ref --sort -committerdate --format %(refname) %(objectname) %(*objectname) [10ms]
2022-11-19 02:09:26.639 [info] > git status -z -uall [5ms]
2022-11-19 02:09:26.639 [info] > git config --get commit.template [1ms]
2022-11-19 02:09:26.645 [info] > git for-each-ref --format=%(refname)%00%(upstream:short)%00%(objectname)%00%(upstream:track)%00%(upstream:remotename)%00%(upstream:remoteref) refs/heads/master refs/remotes/master [1ms]
