2022-11-19 02:10:47.742 [info] Validating found git in: git
2022-11-19 02:10:47.742 [info] Using git 2.38.1 from git
2022-11-19 02:10:47.742 [info] > git rev-parse --show-toplevel [4ms]
2022-11-19 02:10:47.742 [info] fatal: not a git repository (or any parent up to mount point /)
Stopping at filesystem boundary (GIT_DISCOVERY_ACROSS_FILESYSTEM not set).
2022-11-19 02:10:47.742 [info] > git rev-parse --show-toplevel [1ms]
2022-11-19 02:10:47.742 [info] > git rev-parse --git-dir --git-common-dir [1ms]
2022-11-19 02:10:47.742 [info] Log level: Info
2022-11-19 02:10:47.742 [info] Open repository: /home/liljekvist/.config
2022-11-19 02:10:47.742 [info] > git status -z -uall [37ms]
2022-11-19 02:10:47.742 [info] > git rev-parse --show-toplevel [31ms]
2022-11-19 02:10:47.742 [info] fatal: not a git repository (or any parent up to mount point /)
Stopping at filesystem boundary (GIT_DISCOVERY_ACROSS_FILESYSTEM not set).
2022-11-19 02:10:47.742 [info] > git remote --verbose [52ms]
2022-11-19 02:10:47.742 [info] > git for-each-ref --sort -committerdate --format %(refname) %(objectname) %(*objectname) [55ms]
2022-11-19 02:10:47.742 [info] > git rev-parse --show-toplevel [11ms]
2022-11-19 02:10:47.742 [info] fatal: not a git repository (or any parent up to mount point /)
Stopping at filesystem boundary (GIT_DISCOVERY_ACROSS_FILESYSTEM not set).
2022-11-19 02:10:47.742 [info] > git config --get commit.template [43ms]
2022-11-19 02:10:47.742 [info] > git rev-parse --show-toplevel [9ms]
2022-11-19 02:10:47.742 [info] fatal: not a git repository (or any parent up to mount point /)
Stopping at filesystem boundary (GIT_DISCOVERY_ACROSS_FILESYSTEM not set).
2022-11-19 02:10:47.743 [info] > git rev-parse --show-toplevel [8ms]
2022-11-19 02:10:47.743 [info] fatal: not a git repository (or any parent up to mount point /)
Stopping at filesystem boundary (GIT_DISCOVERY_ACROSS_FILESYSTEM not set).
2022-11-19 02:10:47.752 [info] > git rev-parse --show-toplevel [3ms]
2022-11-19 02:10:47.752 [info] fatal: not a git repository (or any parent up to mount point /)
Stopping at filesystem boundary (GIT_DISCOVERY_ACROSS_FILESYSTEM not set).
2022-11-19 02:10:47.756 [info] > git for-each-ref --format=%(refname)%00%(upstream:short)%00%(objectname)%00%(upstream:track)%00%(upstream:remotename)%00%(upstream:remoteref) refs/heads/master refs/remotes/master [15ms]
2022-11-19 02:10:47.799 [info] > git status -z -uall [7ms]
2022-11-19 02:10:47.799 [info] > git remote --verbose [11ms]
2022-11-19 02:10:47.799 [info] > git for-each-ref --sort -committerdate --format %(refname) %(objectname) %(*objectname) [16ms]
2022-11-19 02:10:47.800 [info] > git rev-parse --show-toplevel [45ms]
2022-11-19 02:10:47.800 [info] fatal: not a git repository (or any parent up to mount point /)
Stopping at filesystem boundary (GIT_DISCOVERY_ACROSS_FILESYSTEM not set).
2022-11-19 02:10:47.805 [info] > git config --get commit.template [7ms]
2022-11-19 02:10:47.809 [info] > git rev-parse --show-toplevel [5ms]
2022-11-19 02:10:47.810 [info] fatal: not a git repository (or any parent up to mount point /)
Stopping at filesystem boundary (GIT_DISCOVERY_ACROSS_FILESYSTEM not set).
2022-11-19 02:10:47.820 [info] > git rev-parse --show-toplevel [6ms]
2022-11-19 02:10:47.820 [info] fatal: not a git repository (or any parent up to mount point /)
Stopping at filesystem boundary (GIT_DISCOVERY_ACROSS_FILESYSTEM not set).
2022-11-19 02:10:47.831 [info] > git for-each-ref --format=%(refname)%00%(upstream:short)%00%(objectname)%00%(upstream:track)%00%(upstream:remotename)%00%(upstream:remoteref) refs/heads/master refs/remotes/master [12ms]
2022-11-19 02:10:47.838 [info] > git rev-parse --show-toplevel [13ms]
2022-11-19 02:10:47.838 [info] fatal: not a git repository (or any parent up to mount point /)
Stopping at filesystem boundary (GIT_DISCOVERY_ACROSS_FILESYSTEM not set).
2022-11-19 02:10:47.843 [info] > git rev-parse --show-toplevel [0ms]
2022-11-19 02:10:47.843 [info] fatal: not a git repository (or any parent up to mount point /)
Stopping at filesystem boundary (GIT_DISCOVERY_ACROSS_FILESYSTEM not set).
2022-11-19 02:10:47.849 [info] > git rev-parse --show-toplevel [1ms]
2022-11-19 02:10:47.849 [info] fatal: not a git repository (or any parent up to mount point /)
Stopping at filesystem boundary (GIT_DISCOVERY_ACROSS_FILESYSTEM not set).
2022-11-19 02:10:47.856 [info] > git rev-parse --show-toplevel [3ms]
2022-11-19 02:10:47.861 [info] > git rev-parse --git-dir --git-common-dir [1ms]
2022-11-19 02:10:47.864 [info] Log level: Info
2022-11-19 02:10:47.864 [info] Open repository: /home/liljekvist/dotfiles
2022-11-19 02:10:47.888 [info] > git status -z -uall [11ms]
2022-11-19 02:10:47.889 [info] > git remote --verbose [17ms]
2022-11-19 02:10:47.889 [info] > git for-each-ref --sort -committerdate --format %(refname) %(objectname) %(*objectname) [21ms]
2022-11-19 02:10:47.890 [info] > git config --get commit.template [2ms]
2022-11-19 02:10:47.890 [info] > git rev-parse --show-toplevel [7ms]
2022-11-19 02:10:47.890 [info] fatal: not a git repository (or any parent up to mount point /)
Stopping at filesystem boundary (GIT_DISCOVERY_ACROSS_FILESYSTEM not set).
2022-11-19 02:10:47.899 [info] > git rev-parse --show-toplevel [6ms]
2022-11-19 02:10:47.899 [info] fatal: not a git repository (or any parent up to mount point /)
Stopping at filesystem boundary (GIT_DISCOVERY_ACROSS_FILESYSTEM not set).
2022-11-19 02:10:47.904 [info] > git for-each-ref --format=%(refname)%00%(upstream:short)%00%(objectname)%00%(upstream:track)%00%(upstream:remotename)%00%(upstream:remoteref) refs/heads/master refs/remotes/master [5ms]
2022-11-19 02:10:47.909 [info] > git rev-parse --show-toplevel [6ms]
2022-11-19 02:10:47.916 [info] > git rev-parse --git-dir --git-common-dir [1ms]
2022-11-19 02:10:47.920 [info] Log level: Info
2022-11-19 02:10:47.920 [info] Open repository: /home/liljekvist/yay
2022-11-19 02:10:48.030 [info] > git status -z -uall [96ms]
2022-11-19 02:10:48.031 [info] > git rev-parse --show-toplevel [92ms]
2022-11-19 02:10:48.031 [info] fatal: not a git repository (or any parent up to mount point /)
Stopping at filesystem boundary (GIT_DISCOVERY_ACROSS_FILESYSTEM not set).
2022-11-19 02:10:48.031 [info] > git remote --verbose [101ms]
2022-11-19 02:10:48.031 [info] > git for-each-ref --sort -committerdate --format %(refname) %(objectname) %(*objectname) [106ms]
2022-11-19 02:10:48.032 [info] > git config --get commit.template [5ms]
2022-11-19 02:10:48.038 [info] > git for-each-ref --format=%(refname)%00%(upstream:short)%00%(objectname)%00%(upstream:track)%00%(upstream:remotename)%00%(upstream:remoteref) refs/heads/master refs/remotes/master [2ms]
2022-11-19 02:10:48.193 [info] > git check-ignore -v -z --stdin [1ms]
2022-11-19 02:10:48.255 [info] > git rev-parse --show-toplevel [2ms]
2022-11-19 02:10:48.255 [info] fatal: not a git repository (or any parent up to mount point /)
Stopping at filesystem boundary (GIT_DISCOVERY_ACROSS_FILESYSTEM not set).
2022-11-19 02:10:48.293 [info] > git show --textconv :hypr/hyprland.conf [4ms]
2022-11-19 02:10:48.294 [info] > git ls-files --stage -- /home/liljekvist/.config/hypr/hyprland.conf [1ms]
2022-11-19 02:10:49.922 [info] > git status -z -uall [5ms]
2022-11-19 02:10:49.922 [info] > git remote --verbose [10ms]
2022-11-19 02:10:49.922 [info] > git for-each-ref --sort -committerdate --format %(refname) %(objectname) %(*objectname) [14ms]
2022-11-19 02:10:49.923 [info] > git config --get commit.template [2ms]
2022-11-19 02:10:49.934 [info] > git for-each-ref --format=%(refname)%00%(upstream:short)%00%(objectname)%00%(upstream:track)%00%(upstream:remotename)%00%(upstream:remoteref) refs/heads/master refs/remotes/master [1ms]
2022-11-19 02:10:54.976 [info] > git status -z -uall [9ms]
2022-11-19 02:10:54.977 [info] > git remote --verbose [18ms]
2022-11-19 02:10:54.977 [info] > git for-each-ref --sort -committerdate --format %(refname) %(objectname) %(*objectname) [25ms]
2022-11-19 02:10:54.979 [info] > git config --get commit.template [3ms]
2022-11-19 02:10:54.993 [info] > git for-each-ref --format=%(refname)%00%(upstream:short)%00%(objectname)%00%(upstream:track)%00%(upstream:remotename)%00%(upstream:remoteref) refs/heads/master refs/remotes/master [2ms]
2022-11-19 02:11:00.021 [info] > git status -z -uall [4ms]
2022-11-19 02:11:00.022 [info] > git remote --verbose [10ms]
2022-11-19 02:11:00.022 [info] > git for-each-ref --sort -committerdate --format %(refname) %(objectname) %(*objectname) [14ms]
2022-11-19 02:11:00.023 [info] > git config --get commit.template [2ms]
2022-11-19 02:11:00.030 [info] > git for-each-ref --format=%(refname)%00%(upstream:short)%00%(objectname)%00%(upstream:track)%00%(upstream:remotename)%00%(upstream:remoteref) refs/heads/master refs/remotes/master [1ms]
2022-11-19 02:11:05.075 [info] > git remote --verbose [23ms]
2022-11-19 02:11:05.076 [info] > git for-each-ref --sort -committerdate --format %(refname) %(objectname) %(*objectname) [33ms]
2022-11-19 02:11:05.078 [info] > git status -z -uall [16ms]
2022-11-19 02:11:05.079 [info] > git config --get commit.template [5ms]
2022-11-19 02:11:05.095 [info] > git for-each-ref --format=%(refname)%00%(upstream:short)%00%(objectname)%00%(upstream:track)%00%(upstream:remotename)%00%(upstream:remoteref) refs/heads/master refs/remotes/master [3ms]
2022-11-19 02:11:10.123 [info] > git status -z -uall [4ms]
2022-11-19 02:11:10.123 [info] > git remote --verbose [7ms]
2022-11-19 02:11:10.124 [info] > git for-each-ref --sort -committerdate --format %(refname) %(objectname) %(*objectname) [11ms]
2022-11-19 02:11:10.125 [info] > git config --get commit.template [1ms]
2022-11-19 02:11:10.131 [info] > git for-each-ref --format=%(refname)%00%(upstream:short)%00%(objectname)%00%(upstream:track)%00%(upstream:remotename)%00%(upstream:remoteref) refs/heads/master refs/remotes/master [1ms]
2022-11-19 02:11:15.164 [info] > git remote --verbose [16ms]
2022-11-19 02:11:15.164 [info] > git for-each-ref --sort -committerdate --format %(refname) %(objectname) %(*objectname) [22ms]
2022-11-19 02:11:15.166 [info] > git status -z -uall [11ms]
2022-11-19 02:11:15.166 [info] > git config --get commit.template [3ms]
2022-11-19 02:11:15.179 [info] > git for-each-ref --format=%(refname)%00%(upstream:short)%00%(objectname)%00%(upstream:track)%00%(upstream:remotename)%00%(upstream:remoteref) refs/heads/master refs/remotes/master [2ms]
2022-11-19 02:11:20.202 [info] > git remote --verbose [7ms]
2022-11-19 02:11:20.203 [info] > git for-each-ref --sort -committerdate --format %(refname) %(objectname) %(*objectname) [11ms]
2022-11-19 02:11:20.203 [info] > git status -z -uall [5ms]
2022-11-19 02:11:20.203 [info] > git config --get commit.template [1ms]
2022-11-19 02:11:20.209 [info] > git for-each-ref --format=%(refname)%00%(upstream:short)%00%(objectname)%00%(upstream:track)%00%(upstream:remotename)%00%(upstream:remoteref) refs/heads/master refs/remotes/master [1ms]
2022-11-19 02:11:25.234 [info] > git remote --verbose [7ms]
2022-11-19 02:11:25.234 [info] > git for-each-ref --sort -committerdate --format %(refname) %(objectname) %(*objectname) [11ms]
2022-11-19 02:11:25.234 [info] > git status -z -uall [5ms]
2022-11-19 02:11:25.235 [info] > git config --get commit.template [2ms]
2022-11-19 02:11:25.241 [info] > git for-each-ref --format=%(refname)%00%(upstream:short)%00%(objectname)%00%(upstream:track)%00%(upstream:remotename)%00%(upstream:remoteref) refs/heads/master refs/remotes/master [1ms]
2022-11-19 02:11:30.265 [info] > git remote --verbose [9ms]
2022-11-19 02:11:30.265 [info] > git for-each-ref --sort -committerdate --format %(refname) %(objectname) %(*objectname) [13ms]
2022-11-19 02:11:30.266 [info] > git status -z -uall [6ms]
2022-11-19 02:11:30.266 [info] > git config --get commit.template [2ms]
2022-11-19 02:11:30.275 [info] > git for-each-ref --format=%(refname)%00%(upstream:short)%00%(objectname)%00%(upstream:track)%00%(upstream:remotename)%00%(upstream:remoteref) refs/heads/master refs/remotes/master [1ms]
