2022-11-19 02:00:12.615 [info] Validating found git in: git
2022-11-19 02:00:12.615 [info] Using git 2.38.1 from git
2022-11-19 02:00:12.615 [info] > git rev-parse --show-toplevel [5ms]
2022-11-19 02:00:12.615 [info] fatal: not a git repository (or any parent up to mount point /)
Stopping at filesystem boundary (GIT_DISCOVERY_ACROSS_FILESYSTEM not set).
2022-11-19 02:00:12.615 [info] > git rev-parse --show-toplevel [1ms]
2022-11-19 02:00:12.615 [info] fatal: not a git repository (or any parent up to mount point /)
Stopping at filesystem boundary (GIT_DISCOVERY_ACROSS_FILESYSTEM not set).
2022-11-19 02:00:12.616 [info] > git rev-parse --show-toplevel [16ms]
2022-11-19 02:00:12.616 [info] fatal: not a git repository (or any parent up to mount point /)
Stopping at filesystem boundary (GIT_DISCOVERY_ACROSS_FILESYSTEM not set).
2022-11-19 02:00:12.622 [info] > git rev-parse --show-toplevel [1ms]
2022-11-19 02:00:12.628 [info] > git rev-parse --git-dir --git-common-dir [2ms]
2022-11-19 02:00:12.637 [info] Log level: Info
2022-11-19 02:00:12.637 [info] Open repository: /home/liljekvist/.config
2022-11-19 02:00:12.674 [info] > git status -z -uall [24ms]
2022-11-19 02:00:12.674 [info] > git rev-parse --show-toplevel [19ms]
2022-11-19 02:00:12.674 [info] fatal: not a git repository (or any parent up to mount point /)
Stopping at filesystem boundary (GIT_DISCOVERY_ACROSS_FILESYSTEM not set).
2022-11-19 02:00:12.682 [info] > git remote --verbose [36ms]
2022-11-19 02:00:12.683 [info] > git for-each-ref --sort -committerdate --format %(refname) %(objectname) %(*objectname) [41ms]
2022-11-19 02:00:12.686 [info] > git rev-parse --show-toplevel [8ms]
2022-11-19 02:00:12.686 [info] fatal: not a git repository (or any parent up to mount point /)
Stopping at filesystem boundary (GIT_DISCOVERY_ACROSS_FILESYSTEM not set).
2022-11-19 02:00:12.690 [info] > git config --get commit.template [30ms]
2022-11-19 02:00:12.691 [info] > git rev-parse --show-toplevel [2ms]
2022-11-19 02:00:12.691 [info] fatal: not a git repository (or any parent up to mount point /)
Stopping at filesystem boundary (GIT_DISCOVERY_ACROSS_FILESYSTEM not set).
2022-11-19 02:00:12.702 [info] > git for-each-ref --format=%(refname)%00%(upstream:short)%00%(objectname)%00%(upstream:track)%00%(upstream:remotename)%00%(upstream:remoteref) refs/heads/master refs/remotes/master [3ms]
2022-11-19 02:00:12.738 [info] > git rev-parse --show-toplevel [43ms]
2022-11-19 02:00:12.738 [info] fatal: not a git repository (or any parent up to mount point /)
Stopping at filesystem boundary (GIT_DISCOVERY_ACROSS_FILESYSTEM not set).
2022-11-19 02:00:12.828 [info] > git status -z -uall [91ms]
2022-11-19 02:00:12.828 [info] > git rev-parse --show-toplevel [85ms]
2022-11-19 02:00:12.828 [info] fatal: not a git repository (or any parent up to mount point /)
Stopping at filesystem boundary (GIT_DISCOVERY_ACROSS_FILESYSTEM not set).
2022-11-19 02:00:12.835 [info] > git remote --verbose [102ms]
2022-11-19 02:00:12.835 [info] > git for-each-ref --sort -committerdate --format %(refname) %(objectname) %(*objectname) [105ms]
2022-11-19 02:00:12.836 [info] > git rev-parse --show-toplevel [4ms]
2022-11-19 02:00:12.836 [info] fatal: not a git repository (or any parent up to mount point /)
Stopping at filesystem boundary (GIT_DISCOVERY_ACROSS_FILESYSTEM not set).
2022-11-19 02:00:12.840 [info] > git config --get commit.template [17ms]
2022-11-19 02:00:12.845 [info] > git rev-parse --show-toplevel [5ms]
2022-11-19 02:00:12.846 [info] fatal: not a git repository (or any parent up to mount point /)
Stopping at filesystem boundary (GIT_DISCOVERY_ACROSS_FILESYSTEM not set).
2022-11-19 02:00:12.851 [info] > git for-each-ref --format=%(refname)%00%(upstream:short)%00%(objectname)%00%(upstream:track)%00%(upstream:remotename)%00%(upstream:remoteref) refs/heads/master refs/remotes/master [6ms]
2022-11-19 02:00:12.860 [info] > git rev-parse --show-toplevel [9ms]
2022-11-19 02:00:12.860 [info] fatal: not a git repository (or any parent up to mount point /)
Stopping at filesystem boundary (GIT_DISCOVERY_ACROSS_FILESYSTEM not set).
2022-11-19 02:00:12.865 [info] > git rev-parse --show-toplevel [0ms]
2022-11-19 02:00:12.865 [info] fatal: not a git repository (or any parent up to mount point /)
Stopping at filesystem boundary (GIT_DISCOVERY_ACROSS_FILESYSTEM not set).
2022-11-19 02:00:12.869 [info] > git rev-parse --show-toplevel [1ms]
2022-11-19 02:00:12.874 [info] > git rev-parse --git-dir --git-common-dir [1ms]
2022-11-19 02:00:12.876 [info] Log level: Info
2022-11-19 02:00:12.876 [info] Open repository: /home/liljekvist/dotfiles
2022-11-19 02:00:12.897 [info] > git status -z -uall [9ms]
2022-11-19 02:00:12.898 [info] > git remote --verbose [14ms]
2022-11-19 02:00:12.898 [info] > git for-each-ref --sort -committerdate --format %(refname) %(objectname) %(*objectname) [18ms]
2022-11-19 02:00:12.898 [info] > git config --get commit.template [1ms]
2022-11-19 02:00:12.899 [info] > git rev-parse --show-toplevel [6ms]
2022-11-19 02:00:12.899 [info] fatal: not a git repository (or any parent up to mount point /)
Stopping at filesystem boundary (GIT_DISCOVERY_ACROSS_FILESYSTEM not set).
2022-11-19 02:00:12.906 [info] > git rev-parse --show-toplevel [4ms]
2022-11-19 02:00:12.906 [info] fatal: not a git repository (or any parent up to mount point /)
Stopping at filesystem boundary (GIT_DISCOVERY_ACROSS_FILESYSTEM not set).
2022-11-19 02:00:12.911 [info] > git for-each-ref --format=%(refname)%00%(upstream:short)%00%(objectname)%00%(upstream:track)%00%(upstream:remotename)%00%(upstream:remoteref) refs/heads/master refs/remotes/master [6ms]
2022-11-19 02:00:12.914 [info] > git rev-parse --show-toplevel [3ms]
2022-11-19 02:00:12.919 [info] > git rev-parse --git-dir --git-common-dir [1ms]
2022-11-19 02:00:12.921 [info] Log level: Info
2022-11-19 02:00:12.921 [info] Open repository: /home/liljekvist/yay
2022-11-19 02:00:12.947 [info] > git status -z -uall [14ms]
2022-11-19 02:00:12.947 [info] > git rev-parse --show-toplevel [10ms]
2022-11-19 02:00:12.947 [info] fatal: not a git repository (or any parent up to mount point /)
Stopping at filesystem boundary (GIT_DISCOVERY_ACROSS_FILESYSTEM not set).
2022-11-19 02:00:12.948 [info] > git remote --verbose [20ms]
2022-11-19 02:00:12.948 [info] > git for-each-ref --sort -committerdate --format %(refname) %(objectname) %(*objectname) [23ms]
2022-11-19 02:00:12.948 [info] > git config --get commit.template [6ms]
2022-11-19 02:00:13.028 [info] > git for-each-ref --format=%(refname)%00%(upstream:short)%00%(objectname)%00%(upstream:track)%00%(upstream:remotename)%00%(upstream:remoteref) refs/heads/master refs/remotes/master [76ms]
2022-11-19 02:00:13.032 [info] > git rev-parse --show-toplevel [4ms]
2022-11-19 02:00:13.032 [info] fatal: not a git repository (or any parent up to mount point /)
Stopping at filesystem boundary (GIT_DISCOVERY_ACROSS_FILESYSTEM not set).
2022-11-19 02:00:13.172 [info] > git check-ignore -v -z --stdin [2ms]
2022-11-19 02:00:14.874 [info] > git status -z -uall [5ms]
2022-11-19 02:00:14.874 [info] > git remote --verbose [9ms]
2022-11-19 02:00:14.874 [info] > git for-each-ref --sort -committerdate --format %(refname) %(objectname) %(*objectname) [12ms]
2022-11-19 02:00:14.875 [info] > git config --get commit.template [2ms]
2022-11-19 02:00:14.882 [info] > git for-each-ref --format=%(refname)%00%(upstream:short)%00%(objectname)%00%(upstream:track)%00%(upstream:remotename)%00%(upstream:remoteref) refs/heads/master refs/remotes/master [2ms]
2022-11-19 02:00:15.276 [info] > git show --textconv :hypr/hyprland.conf [4ms]
2022-11-19 02:00:15.277 [info] > git ls-files --stage -- /home/liljekvist/.config/hypr/hyprland.conf [1ms]
2022-11-19 02:00:19.906 [info] > git status -z -uall [5ms]
2022-11-19 02:00:19.906 [info] > git remote --verbose [8ms]
2022-11-19 02:00:19.906 [info] > git for-each-ref --sort -committerdate --format %(refname) %(objectname) %(*objectname) [11ms]
2022-11-19 02:00:19.907 [info] > git config --get commit.template [2ms]
2022-11-19 02:00:19.915 [info] > git for-each-ref --format=%(refname)%00%(upstream:short)%00%(objectname)%00%(upstream:track)%00%(upstream:remotename)%00%(upstream:remoteref) refs/heads/master refs/remotes/master [1ms]
2022-11-19 02:00:24.935 [info] > git remote --verbose [8ms]
2022-11-19 02:00:24.935 [info] > git for-each-ref --sort -committerdate --format %(refname) %(objectname) %(*objectname) [11ms]
2022-11-19 02:00:24.936 [info] > git status -z -uall [5ms]
2022-11-19 02:00:24.936 [info] > git config --get commit.template [1ms]
2022-11-19 02:00:24.943 [info] > git for-each-ref --format=%(refname)%00%(upstream:short)%00%(objectname)%00%(upstream:track)%00%(upstream:remotename)%00%(upstream:remoteref) refs/heads/master refs/remotes/master [2ms]
2022-11-19 02:02:19.451 [info] > git status -z -uall [6ms]
2022-11-19 02:02:19.451 [info] > git remote --verbose [10ms]
2022-11-19 02:02:19.451 [info] > git for-each-ref --sort -committerdate --format %(refname) %(objectname) %(*objectname) [14ms]
2022-11-19 02:02:19.453 [info] > git config --get commit.template [2ms]
2022-11-19 02:02:19.461 [info] > git for-each-ref --format=%(refname)%00%(upstream:short)%00%(objectname)%00%(upstream:track)%00%(upstream:remotename)%00%(upstream:remoteref) refs/heads/master refs/remotes/master [1ms]
2022-11-19 02:02:24.487 [info] > git remote --verbose [7ms]
2022-11-19 02:02:24.488 [info] > git for-each-ref --sort -committerdate --format %(refname) %(objectname) %(*objectname) [10ms]
2022-11-19 02:02:24.488 [info] > git status -z -uall [5ms]
2022-11-19 02:02:24.488 [info] > git config --get commit.template [1ms]
2022-11-19 02:02:24.494 [info] > git for-each-ref --format=%(refname)%00%(upstream:short)%00%(objectname)%00%(upstream:track)%00%(upstream:remotename)%00%(upstream:remoteref) refs/heads/master refs/remotes/master [1ms]
2022-11-19 02:02:29.550 [info] > git remote --verbose [26ms]
2022-11-19 02:02:29.551 [info] > git for-each-ref --sort -committerdate --format %(refname) %(objectname) %(*objectname) [39ms]
2022-11-19 02:02:29.552 [info] > git status -z -uall [15ms]
2022-11-19 02:02:29.552 [info] > git config --get commit.template [3ms]
2022-11-19 02:02:29.563 [info] > git for-each-ref --format=%(refname)%00%(upstream:short)%00%(objectname)%00%(upstream:track)%00%(upstream:remotename)%00%(upstream:remoteref) refs/heads/master refs/remotes/master [2ms]
2022-11-19 02:02:34.586 [info] > git remote --verbose [6ms]
2022-11-19 02:02:34.586 [info] > git for-each-ref --sort -committerdate --format %(refname) %(objectname) %(*objectname) [10ms]
2022-11-19 02:02:34.586 [info] > git status -z -uall [5ms]
2022-11-19 02:02:34.586 [info] > git config --get commit.template [1ms]
2022-11-19 02:02:34.592 [info] > git for-each-ref --format=%(refname)%00%(upstream:short)%00%(objectname)%00%(upstream:track)%00%(upstream:remotename)%00%(upstream:remoteref) refs/heads/master refs/remotes/master [1ms]
2022-11-19 02:02:39.613 [info] > git remote --verbose [7ms]
2022-11-19 02:02:39.613 [info] > git for-each-ref --sort -committerdate --format %(refname) %(objectname) %(*objectname) [10ms]
2022-11-19 02:02:39.614 [info] > git status -z -uall [5ms]
2022-11-19 02:02:39.614 [info] > git config --get commit.template [1ms]
2022-11-19 02:02:39.620 [info] > git for-each-ref --format=%(refname)%00%(upstream:short)%00%(objectname)%00%(upstream:track)%00%(upstream:remotename)%00%(upstream:remoteref) refs/heads/master refs/remotes/master [1ms]
2022-11-19 02:02:44.648 [info] > git remote --verbose [7ms]
2022-11-19 02:02:44.648 [info] > git for-each-ref --sort -committerdate --format %(refname) %(objectname) %(*objectname) [10ms]
2022-11-19 02:02:44.649 [info] > git status -z -uall [5ms]
2022-11-19 02:02:44.649 [info] > git config --get commit.template [2ms]
2022-11-19 02:02:44.656 [info] > git for-each-ref --format=%(refname)%00%(upstream:short)%00%(objectname)%00%(upstream:track)%00%(upstream:remotename)%00%(upstream:remoteref) refs/heads/master refs/remotes/master [1ms]
2022-11-19 02:02:49.714 [info] > git remote --verbose [24ms]
2022-11-19 02:02:49.714 [info] > git for-each-ref --sort -committerdate --format %(refname) %(objectname) %(*objectname) [36ms]
2022-11-19 02:02:49.715 [info] > git status -z -uall [13ms]
2022-11-19 02:02:49.716 [info] > git config --get commit.template [4ms]
2022-11-19 02:02:49.726 [info] > git for-each-ref --format=%(refname)%00%(upstream:short)%00%(objectname)%00%(upstream:track)%00%(upstream:remotename)%00%(upstream:remoteref) refs/heads/master refs/remotes/master [1ms]
2022-11-19 02:02:54.752 [info] > git remote --verbose [8ms]
2022-11-19 02:02:54.752 [info] > git for-each-ref --sort -committerdate --format %(refname) %(objectname) %(*objectname) [10ms]
2022-11-19 02:02:54.752 [info] > git status -z -uall [4ms]
2022-11-19 02:02:54.752 [info] > git config --get commit.template [1ms]
2022-11-19 02:02:54.760 [info] > git for-each-ref --format=%(refname)%00%(upstream:short)%00%(objectname)%00%(upstream:track)%00%(upstream:remotename)%00%(upstream:remoteref) refs/heads/master refs/remotes/master [2ms]
2022-11-19 02:02:59.816 [info] > git remote --verbose [25ms]
2022-11-19 02:02:59.816 [info] > git for-each-ref --sort -committerdate --format %(refname) %(objectname) %(*objectname) [38ms]
2022-11-19 02:02:59.817 [info] > git status -z -uall [13ms]
2022-11-19 02:02:59.817 [info] > git config --get commit.template [2ms]
2022-11-19 02:02:59.828 [info] > git for-each-ref --format=%(refname)%00%(upstream:short)%00%(objectname)%00%(upstream:track)%00%(upstream:remotename)%00%(upstream:remoteref) refs/heads/master refs/remotes/master [1ms]
2022-11-19 02:03:04.858 [info] > git status -z -uall [5ms]
2022-11-19 02:03:04.858 [info] > git remote --verbose [8ms]
2022-11-19 02:03:04.858 [info] > git for-each-ref --sort -committerdate --format %(refname) %(objectname) %(*objectname) [11ms]
2022-11-19 02:03:04.859 [info] > git config --get commit.template [1ms]
2022-11-19 02:03:04.867 [info] > git for-each-ref --format=%(refname)%00%(upstream:short)%00%(objectname)%00%(upstream:track)%00%(upstream:remotename)%00%(upstream:remoteref) refs/heads/master refs/remotes/master [1ms]
2022-11-19 02:03:18.388 [info] > git status -z -uall [6ms]
2022-11-19 02:03:18.388 [info] > git remote --verbose [11ms]
2022-11-19 02:03:18.389 [info] > git for-each-ref --sort -committerdate --format %(refname) %(objectname) %(*objectname) [17ms]
2022-11-19 02:03:18.389 [info] > git config --get commit.template [1ms]
2022-11-19 02:03:18.398 [info] > git for-each-ref --format=%(refname)%00%(upstream:short)%00%(objectname)%00%(upstream:track)%00%(upstream:remotename)%00%(upstream:remoteref) refs/heads/master refs/remotes/master [1ms]
2022-11-19 02:03:23.423 [info] > git remote --verbose [7ms]
2022-11-19 02:03:23.423 [info] > git for-each-ref --sort -committerdate --format %(refname) %(objectname) %(*objectname) [10ms]
2022-11-19 02:03:23.424 [info] > git status -z -uall [4ms]
2022-11-19 02:03:23.424 [info] > git config --get commit.template [2ms]
2022-11-19 02:03:23.430 [info] > git for-each-ref --format=%(refname)%00%(upstream:short)%00%(objectname)%00%(upstream:track)%00%(upstream:remotename)%00%(upstream:remoteref) refs/heads/master refs/remotes/master [1ms]
2022-11-19 02:03:28.460 [info] > git status -z -uall [4ms]
2022-11-19 02:03:28.460 [info] > git remote --verbose [9ms]
2022-11-19 02:03:28.460 [info] > git for-each-ref --sort -committerdate --format %(refname) %(objectname) %(*objectname) [12ms]
2022-11-19 02:03:28.460 [info] > git config --get commit.template [1ms]
2022-11-19 02:03:28.466 [info] > git for-each-ref --format=%(refname)%00%(upstream:short)%00%(objectname)%00%(upstream:track)%00%(upstream:remotename)%00%(upstream:remoteref) refs/heads/master refs/remotes/master [1ms]
2022-11-19 02:03:33.489 [info] > git remote --verbose [7ms]
2022-11-19 02:03:33.489 [info] > git for-each-ref --sort -committerdate --format %(refname) %(objectname) %(*objectname) [10ms]
2022-11-19 02:03:33.489 [info] > git status -z -uall [4ms]
2022-11-19 02:03:33.489 [info] > git config --get commit.template [1ms]
2022-11-19 02:03:33.495 [info] > git for-each-ref --format=%(refname)%00%(upstream:short)%00%(objectname)%00%(upstream:track)%00%(upstream:remotename)%00%(upstream:remoteref) refs/heads/master refs/remotes/master [1ms]
2022-11-19 02:03:38.521 [info] > git remote --verbose [7ms]
2022-11-19 02:03:38.521 [info] > git for-each-ref --sort -committerdate --format %(refname) %(objectname) %(*objectname) [10ms]
2022-11-19 02:03:38.521 [info] > git status -z -uall [4ms]
2022-11-19 02:03:38.522 [info] > git config --get commit.template [1ms]
2022-11-19 02:03:38.528 [info] > git for-each-ref --format=%(refname)%00%(upstream:short)%00%(objectname)%00%(upstream:track)%00%(upstream:remotename)%00%(upstream:remoteref) refs/heads/master refs/remotes/master [1ms]
2022-11-19 02:03:43.549 [info] > git remote --verbose [8ms]
2022-11-19 02:03:43.549 [info] > git for-each-ref --sort -committerdate --format %(refname) %(objectname) %(*objectname) [10ms]
2022-11-19 02:03:43.549 [info] > git status -z -uall [5ms]
2022-11-19 02:03:43.549 [info] > git config --get commit.template [1ms]
2022-11-19 02:03:43.556 [info] > git for-each-ref --format=%(refname)%00%(upstream:short)%00%(objectname)%00%(upstream:track)%00%(upstream:remotename)%00%(upstream:remoteref) refs/heads/master refs/remotes/master [1ms]
2022-11-19 02:03:48.586 [info] > git remote --verbose [7ms]
2022-11-19 02:03:48.586 [info] > git for-each-ref --sort -committerdate --format %(refname) %(objectname) %(*objectname) [12ms]
2022-11-19 02:03:48.586 [info] > git status -z -uall [5ms]
2022-11-19 02:03:48.586 [info] > git config --get commit.template [1ms]
2022-11-19 02:03:48.593 [info] > git for-each-ref --format=%(refname)%00%(upstream:short)%00%(objectname)%00%(upstream:track)%00%(upstream:remotename)%00%(upstream:remoteref) refs/heads/master refs/remotes/master [1ms]
2022-11-19 02:03:53.648 [info] > git remote --verbose [25ms]
2022-11-19 02:03:53.648 [info] > git for-each-ref --sort -committerdate --format %(refname) %(objectname) %(*objectname) [37ms]
2022-11-19 02:03:53.648 [info] > git status -z -uall [13ms]
2022-11-19 02:03:53.648 [info] > git config --get commit.template [2ms]
2022-11-19 02:03:53.654 [info] > git for-each-ref --format=%(refname)%00%(upstream:short)%00%(objectname)%00%(upstream:track)%00%(upstream:remotename)%00%(upstream:remoteref) refs/heads/master refs/remotes/master [1ms]
2022-11-19 02:03:58.711 [info] > git remote --verbose [25ms]
2022-11-19 02:03:58.711 [info] > git for-each-ref --sort -committerdate --format %(refname) %(objectname) %(*objectname) [39ms]
2022-11-19 02:03:58.712 [info] > git status -z -uall [14ms]
2022-11-19 02:03:58.712 [info] > git config --get commit.template [2ms]
2022-11-19 02:03:58.723 [info] > git for-each-ref --format=%(refname)%00%(upstream:short)%00%(objectname)%00%(upstream:track)%00%(upstream:remotename)%00%(upstream:remoteref) refs/heads/master refs/remotes/master [2ms]
2022-11-19 02:04:03.773 [info] > git remote --verbose [16ms]
2022-11-19 02:04:03.773 [info] > git for-each-ref --sort -committerdate --format %(refname) %(objectname) %(*objectname) [28ms]
2022-11-19 02:04:03.774 [info] > git status -z -uall [9ms]
2022-11-19 02:04:03.774 [info] > git config --get commit.template [2ms]
2022-11-19 02:04:03.788 [info] > git for-each-ref --format=%(refname)%00%(upstream:short)%00%(objectname)%00%(upstream:track)%00%(upstream:remotename)%00%(upstream:remoteref) refs/heads/master refs/remotes/master [1ms]
2022-11-19 02:04:08.846 [info] > git remote --verbose [28ms]
2022-11-19 02:04:08.846 [info] > git for-each-ref --sort -committerdate --format %(refname) %(objectname) %(*objectname) [40ms]
2022-11-19 02:04:08.847 [info] > git status -z -uall [17ms]
2022-11-19 02:04:08.847 [info] > git config --get commit.template [3ms]
2022-11-19 02:04:08.858 [info] > git for-each-ref --format=%(refname)%00%(upstream:short)%00%(objectname)%00%(upstream:track)%00%(upstream:remotename)%00%(upstream:remoteref) refs/heads/master refs/remotes/master [1ms]
2022-11-19 02:04:13.922 [info] > git remote --verbose [30ms]
2022-11-19 02:04:13.922 [info] > git for-each-ref --sort -committerdate --format %(refname) %(objectname) %(*objectname) [43ms]
2022-11-19 02:04:13.923 [info] > git status -z -uall [19ms]
2022-11-19 02:04:13.923 [info] > git config --get commit.template [6ms]
2022-11-19 02:04:13.935 [info] > git for-each-ref --format=%(refname)%00%(upstream:short)%00%(objectname)%00%(upstream:track)%00%(upstream:remotename)%00%(upstream:remoteref) refs/heads/master refs/remotes/master [2ms]
2022-11-19 02:04:18.957 [info] > git remote --verbose [7ms]
2022-11-19 02:04:18.957 [info] > git for-each-ref --sort -committerdate --format %(refname) %(objectname) %(*objectname) [10ms]
2022-11-19 02:04:18.957 [info] > git status -z -uall [5ms]
2022-11-19 02:04:18.957 [info] > git config --get commit.template [1ms]
2022-11-19 02:04:18.963 [info] > git for-each-ref --format=%(refname)%00%(upstream:short)%00%(objectname)%00%(upstream:track)%00%(upstream:remotename)%00%(upstream:remoteref) refs/heads/master refs/remotes/master [1ms]
2022-11-19 02:04:23.988 [info] > git remote --verbose [7ms]
2022-11-19 02:04:23.988 [info] > git for-each-ref --sort -committerdate --format %(refname) %(objectname) %(*objectname) [9ms]
2022-11-19 02:04:23.989 [info] > git status -z -uall [5ms]
2022-11-19 02:04:23.989 [info] > git config --get commit.template [1ms]
2022-11-19 02:04:23.995 [info] > git for-each-ref --format=%(refname)%00%(upstream:short)%00%(objectname)%00%(upstream:track)%00%(upstream:remotename)%00%(upstream:remoteref) refs/heads/master refs/remotes/master [1ms]
2022-11-19 02:04:29.014 [info] > git remote --verbose [7ms]
2022-11-19 02:04:29.014 [info] > git for-each-ref --sort -committerdate --format %(refname) %(objectname) %(*objectname) [10ms]
2022-11-19 02:04:29.014 [info] > git status -z -uall [4ms]
2022-11-19 02:04:29.014 [info] > git config --get commit.template [1ms]
2022-11-19 02:04:29.021 [info] > git for-each-ref --format=%(refname)%00%(upstream:short)%00%(objectname)%00%(upstream:track)%00%(upstream:remotename)%00%(upstream:remoteref) refs/heads/master refs/remotes/master [1ms]
2022-11-19 02:04:34.044 [info] > git remote --verbose [7ms]
2022-11-19 02:04:34.044 [info] > git for-each-ref --sort -committerdate --format %(refname) %(objectname) %(*objectname) [10ms]
2022-11-19 02:04:34.044 [info] > git status -z -uall [4ms]
2022-11-19 02:04:34.045 [info] > git config --get commit.template [2ms]
2022-11-19 02:04:34.050 [info] > git for-each-ref --format=%(refname)%00%(upstream:short)%00%(objectname)%00%(upstream:track)%00%(upstream:remotename)%00%(upstream:remoteref) refs/heads/master refs/remotes/master [1ms]
2022-11-19 02:04:39.074 [info] > git status -z -uall [5ms]
2022-11-19 02:04:39.074 [info] > git remote --verbose [8ms]
2022-11-19 02:04:39.074 [info] > git for-each-ref --sort -committerdate --format %(refname) %(objectname) %(*objectname) [11ms]
2022-11-19 02:04:39.075 [info] > git config --get commit.template [2ms]
2022-11-19 02:04:39.083 [info] > git for-each-ref --format=%(refname)%00%(upstream:short)%00%(objectname)%00%(upstream:track)%00%(upstream:remotename)%00%(upstream:remoteref) refs/heads/master refs/remotes/master [2ms]
2022-11-19 02:04:44.106 [info] > git remote --verbose [8ms]
2022-11-19 02:04:44.106 [info] > git for-each-ref --sort -committerdate --format %(refname) %(objectname) %(*objectname) [11ms]
2022-11-19 02:04:44.106 [info] > git status -z -uall [4ms]
2022-11-19 02:04:44.107 [info] > git config --get commit.template [2ms]
2022-11-19 02:04:44.113 [info] > git for-each-ref --format=%(refname)%00%(upstream:short)%00%(objectname)%00%(upstream:track)%00%(upstream:remotename)%00%(upstream:remoteref) refs/heads/master refs/remotes/master [1ms]
2022-11-19 02:04:49.138 [info] > git status -z -uall [5ms]
2022-11-19 02:04:49.138 [info] > git remote --verbose [10ms]
2022-11-19 02:04:49.138 [info] > git for-each-ref --sort -committerdate --format %(refname) %(objectname) %(*objectname) [15ms]
2022-11-19 02:04:49.138 [info] > git config --get commit.template [1ms]
2022-11-19 02:04:49.145 [info] > git for-each-ref --format=%(refname)%00%(upstream:short)%00%(objectname)%00%(upstream:track)%00%(upstream:remotename)%00%(upstream:remoteref) refs/heads/master refs/remotes/master [1ms]
2022-11-19 02:04:54.169 [info] > git remote --verbose [8ms]
2022-11-19 02:04:54.169 [info] > git for-each-ref --sort -committerdate --format %(refname) %(objectname) %(*objectname) [11ms]
2022-11-19 02:04:54.169 [info] > git status -z -uall [5ms]
2022-11-19 02:04:54.169 [info] > git config --get commit.template [1ms]
2022-11-19 02:04:54.175 [info] > git for-each-ref --format=%(refname)%00%(upstream:short)%00%(objectname)%00%(upstream:track)%00%(upstream:remotename)%00%(upstream:remoteref) refs/heads/master refs/remotes/master [1ms]
2022-11-19 02:04:59.232 [info] > git remote --verbose [27ms]
2022-11-19 02:04:59.232 [info] > git for-each-ref --sort -committerdate --format %(refname) %(objectname) %(*objectname) [40ms]
2022-11-19 02:04:59.234 [info] > git status -z -uall [16ms]
2022-11-19 02:04:59.234 [info] > git config --get commit.template [4ms]
2022-11-19 02:04:59.256 [info] > git for-each-ref --format=%(refname)%00%(upstream:short)%00%(objectname)%00%(upstream:track)%00%(upstream:remotename)%00%(upstream:remoteref) refs/heads/master refs/remotes/master [4ms]
2022-11-19 02:05:04.287 [info] > git remote --verbose [8ms]
2022-11-19 02:05:04.287 [info] > git for-each-ref --sort -committerdate --format %(refname) %(objectname) %(*objectname) [11ms]
2022-11-19 02:05:04.287 [info] > git status -z -uall [4ms]
2022-11-19 02:05:04.287 [info] > git config --get commit.template [1ms]
2022-11-19 02:05:04.294 [info] > git for-each-ref --format=%(refname)%00%(upstream:short)%00%(objectname)%00%(upstream:track)%00%(upstream:remotename)%00%(upstream:remoteref) refs/heads/master refs/remotes/master [1ms]
2022-11-19 02:05:09.318 [info] > git status -z -uall [6ms]
2022-11-19 02:05:09.318 [info] > git remote --verbose [9ms]
2022-11-19 02:05:09.318 [info] > git for-each-ref --sort -committerdate --format %(refname) %(objectname) %(*objectname) [12ms]
2022-11-19 02:05:09.321 [info] > git config --get commit.template [5ms]
2022-11-19 02:05:09.336 [info] > git for-each-ref --format=%(refname)%00%(upstream:short)%00%(objectname)%00%(upstream:track)%00%(upstream:remotename)%00%(upstream:remoteref) refs/heads/master refs/remotes/master [6ms]
2022-11-19 02:05:14.384 [info] > git remote --verbose [21ms]
2022-11-19 02:05:14.384 [info] > git for-each-ref --sort -committerdate --format %(refname) %(objectname) %(*objectname) [30ms]
2022-11-19 02:05:14.385 [info] > git status -z -uall [13ms]
2022-11-19 02:05:14.385 [info] > git config --get commit.template [2ms]
2022-11-19 02:05:14.398 [info] > git for-each-ref --format=%(refname)%00%(upstream:short)%00%(objectname)%00%(upstream:track)%00%(upstream:remotename)%00%(upstream:remoteref) refs/heads/master refs/remotes/master [3ms]
2022-11-19 02:05:19.424 [info] > git status -z -uall [5ms]
2022-11-19 02:05:19.424 [info] > git remote --verbose [9ms]
2022-11-19 02:05:19.424 [info] > git for-each-ref --sort -committerdate --format %(refname) %(objectname) %(*objectname) [13ms]
2022-11-19 02:05:19.424 [info] > git config --get commit.template [1ms]
2022-11-19 02:05:19.431 [info] > git for-each-ref --format=%(refname)%00%(upstream:short)%00%(objectname)%00%(upstream:track)%00%(upstream:remotename)%00%(upstream:remoteref) refs/heads/master refs/remotes/master [1ms]
2022-11-19 02:05:24.455 [info] > git remote --verbose [8ms]
2022-11-19 02:05:24.455 [info] > git for-each-ref --sort -committerdate --format %(refname) %(objectname) %(*objectname) [11ms]
2022-11-19 02:05:24.455 [info] > git status -z -uall [5ms]
2022-11-19 02:05:24.455 [info] > git config --get commit.template [1ms]
2022-11-19 02:05:24.461 [info] > git for-each-ref --format=%(refname)%00%(upstream:short)%00%(objectname)%00%(upstream:track)%00%(upstream:remotename)%00%(upstream:remoteref) refs/heads/master refs/remotes/master [1ms]
2022-11-19 02:05:58.111 [info] > git status -z -uall [6ms]
2022-11-19 02:05:58.111 [info] > git remote --verbose [13ms]
2022-11-19 02:05:58.111 [info] > git for-each-ref --sort -committerdate --format %(refname) %(objectname) %(*objectname) [17ms]
2022-11-19 02:05:58.112 [info] > git config --get commit.template [2ms]
2022-11-19 02:05:58.121 [info] > git for-each-ref --format=%(refname)%00%(upstream:short)%00%(objectname)%00%(upstream:track)%00%(upstream:remotename)%00%(upstream:remoteref) refs/heads/master refs/remotes/master [2ms]
2022-11-19 02:06:03.175 [info] > git remote --verbose [25ms]
2022-11-19 02:06:03.175 [info] > git for-each-ref --sort -committerdate --format %(refname) %(objectname) %(*objectname) [38ms]
2022-11-19 02:06:03.176 [info] > git status -z -uall [13ms]
2022-11-19 02:06:03.176 [info] > git config --get commit.template [2ms]
2022-11-19 02:06:03.187 [info] > git for-each-ref --format=%(refname)%00%(upstream:short)%00%(objectname)%00%(upstream:track)%00%(upstream:remotename)%00%(upstream:remoteref) refs/heads/master refs/remotes/master [1ms]
2022-11-19 02:06:08.216 [info] > git status -z -uall [5ms]
2022-11-19 02:06:08.216 [info] > git remote --verbose [11ms]
2022-11-19 02:06:08.216 [info] > git for-each-ref --sort -committerdate --format %(refname) %(objectname) %(*objectname) [16ms]
2022-11-19 02:06:08.217 [info] > git config --get commit.template [1ms]
2022-11-19 02:06:08.223 [info] > git for-each-ref --format=%(refname)%00%(upstream:short)%00%(objectname)%00%(upstream:track)%00%(upstream:remotename)%00%(upstream:remoteref) refs/heads/master refs/remotes/master [1ms]
