2022-11-19 01:34:16.157 [info] Validating found git in: git
2022-11-19 01:34:16.157 [info] Using git 2.38.1 from git
2022-11-19 01:34:16.158 [info] > git rev-parse --show-toplevel [5ms]
2022-11-19 01:34:16.158 [info] fatal: not a git repository (or any parent up to mount point /)
Stopping at filesystem boundary (GIT_DISCOVERY_ACROSS_FILESYSTEM not set).
2022-11-19 01:34:16.158 [info] > git rev-parse --show-toplevel [1ms]
2022-11-19 01:34:16.158 [info] > git rev-parse --git-dir --git-common-dir [1ms]
2022-11-19 01:34:16.158 [info] Log level: Info
2022-11-19 01:34:16.158 [info] Open repository: /home/liljekvist/.config
2022-11-19 01:34:16.158 [info] > git status -z -uall [29ms]
2022-11-19 01:34:16.158 [info] > git rev-parse --show-toplevel [22ms]
2022-11-19 01:34:16.158 [info] fatal: not a git repository (or any parent up to mount point /)
Stopping at filesystem boundary (GIT_DISCOVERY_ACROSS_FILESYSTEM not set).
2022-11-19 01:34:16.158 [info] > git remote --verbose [41ms]
2022-11-19 01:34:16.158 [info] > git for-each-ref --sort -committerdate --format %(refname) %(objectname) %(*objectname) [46ms]
2022-11-19 01:34:16.158 [info] > git rev-parse --show-toplevel [5ms]
2022-11-19 01:34:16.158 [info] fatal: not a git repository (or any parent up to mount point /)
Stopping at filesystem boundary (GIT_DISCOVERY_ACROSS_FILESYSTEM not set).
2022-11-19 01:34:16.158 [info] > git config --get commit.template [15ms]
2022-11-19 01:34:16.158 [info] > git rev-parse --show-toplevel [1ms]
2022-11-19 01:34:16.158 [info] fatal: not a git repository (or any parent up to mount point /)
Stopping at filesystem boundary (GIT_DISCOVERY_ACROSS_FILESYSTEM not set).
2022-11-19 01:34:16.158 [info] > git rev-parse --show-toplevel [6ms]
2022-11-19 01:34:16.158 [info] fatal: not a git repository (or any parent up to mount point /)
Stopping at filesystem boundary (GIT_DISCOVERY_ACROSS_FILESYSTEM not set).
2022-11-19 01:34:16.165 [info] > git for-each-ref --format=%(refname)%00%(upstream:short)%00%(objectname)%00%(upstream:track)%00%(upstream:remotename)%00%(upstream:remoteref) refs/heads/master refs/remotes/master [19ms]
2022-11-19 01:34:16.292 [info] > git status -z -uall [87ms]
2022-11-19 01:34:16.295 [info] > git remote --verbose [95ms]
2022-11-19 01:34:16.295 [info] > git for-each-ref --sort -committerdate --format %(refname) %(objectname) %(*objectname) [103ms]
2022-11-19 01:34:16.295 [info] > git rev-parse --show-toplevel [144ms]
2022-11-19 01:34:16.295 [info] fatal: not a git repository (or any parent up to mount point /)
Stopping at filesystem boundary (GIT_DISCOVERY_ACROSS_FILESYSTEM not set).
2022-11-19 01:34:16.299 [info] > git config --get commit.template [7ms]
2022-11-19 01:34:16.300 [info] > git rev-parse --show-toplevel [2ms]
2022-11-19 01:34:16.300 [info] fatal: not a git repository (or any parent up to mount point /)
Stopping at filesystem boundary (GIT_DISCOVERY_ACROSS_FILESYSTEM not set).
2022-11-19 01:34:16.309 [info] > git rev-parse --show-toplevel [6ms]
2022-11-19 01:34:16.309 [info] fatal: not a git repository (or any parent up to mount point /)
Stopping at filesystem boundary (GIT_DISCOVERY_ACROSS_FILESYSTEM not set).
2022-11-19 01:34:16.313 [info] > git for-each-ref --format=%(refname)%00%(upstream:short)%00%(objectname)%00%(upstream:track)%00%(upstream:remotename)%00%(upstream:remoteref) refs/heads/master refs/remotes/master [5ms]
2022-11-19 01:34:16.320 [info] > git rev-parse --show-toplevel [7ms]
2022-11-19 01:34:16.320 [info] fatal: not a git repository (or any parent up to mount point /)
Stopping at filesystem boundary (GIT_DISCOVERY_ACROSS_FILESYSTEM not set).
2022-11-19 01:34:16.324 [info] > git rev-parse --show-toplevel [0ms]
2022-11-19 01:34:16.324 [info] fatal: not a git repository (or any parent up to mount point /)
Stopping at filesystem boundary (GIT_DISCOVERY_ACROSS_FILESYSTEM not set).
2022-11-19 01:34:16.329 [info] > git rev-parse --show-toplevel [1ms]
2022-11-19 01:34:16.329 [info] fatal: not a git repository (or any parent up to mount point /)
Stopping at filesystem boundary (GIT_DISCOVERY_ACROSS_FILESYSTEM not set).
2022-11-19 01:34:16.335 [info] > git rev-parse --show-toplevel [1ms]
2022-11-19 01:34:16.340 [info] > git rev-parse --git-dir --git-common-dir [1ms]
2022-11-19 01:34:16.343 [info] Log level: Info
2022-11-19 01:34:16.343 [info] Open repository: /home/liljekvist/dotfiles
2022-11-19 01:34:16.363 [info] > git status -z -uall [8ms]
2022-11-19 01:34:16.363 [info] > git remote --verbose [13ms]
2022-11-19 01:34:16.363 [info] > git for-each-ref --sort -committerdate --format %(refname) %(objectname) %(*objectname) [16ms]
2022-11-19 01:34:16.364 [info] > git config --get commit.template [2ms]
2022-11-19 01:34:16.364 [info] > git rev-parse --show-toplevel [7ms]
2022-11-19 01:34:16.364 [info] fatal: not a git repository (or any parent up to mount point /)
Stopping at filesystem boundary (GIT_DISCOVERY_ACROSS_FILESYSTEM not set).
2022-11-19 01:34:16.374 [info] > git rev-parse --show-toplevel [5ms]
2022-11-19 01:34:16.378 [info] > git for-each-ref --format=%(refname)%00%(upstream:short)%00%(objectname)%00%(upstream:track)%00%(upstream:remotename)%00%(upstream:remoteref) refs/heads/master refs/remotes/master [5ms]
2022-11-19 01:34:16.382 [info] > git rev-parse --git-dir --git-common-dir [5ms]
2022-11-19 01:34:16.385 [info] Log level: Info
2022-11-19 01:34:16.385 [info] Open repository: /home/liljekvist/yay
2022-11-19 01:34:16.408 [info] > git status -z -uall [10ms]
2022-11-19 01:34:16.408 [info] > git rev-parse --show-toplevel [6ms]
2022-11-19 01:34:16.408 [info] fatal: not a git repository (or any parent up to mount point /)
Stopping at filesystem boundary (GIT_DISCOVERY_ACROSS_FILESYSTEM not set).
2022-11-19 01:34:16.408 [info] > git remote --verbose [14ms]
2022-11-19 01:34:16.408 [info] > git for-each-ref --sort -committerdate --format %(refname) %(objectname) %(*objectname) [17ms]
2022-11-19 01:34:16.409 [info] > git config --get commit.template [2ms]
2022-11-19 01:34:16.514 [info] > git for-each-ref --format=%(refname)%00%(upstream:short)%00%(objectname)%00%(upstream:track)%00%(upstream:remotename)%00%(upstream:remoteref) refs/heads/master refs/remotes/master [102ms]
2022-11-19 01:34:16.519 [info] > git rev-parse --show-toplevel [5ms]
2022-11-19 01:34:16.519 [info] fatal: not a git repository (or any parent up to mount point /)
Stopping at filesystem boundary (GIT_DISCOVERY_ACROSS_FILESYSTEM not set).
2022-11-19 01:34:16.617 [info] > git check-ignore -v -z --stdin [1ms]
2022-11-19 01:34:16.765 [info] > git show --textconv :hikari/hikari.conf [13ms]
2022-11-19 01:34:16.769 [info] > git ls-files --stage -- /home/liljekvist/.config/hikari/hikari.conf [4ms]
2022-11-19 01:34:18.351 [info] > git status -z -uall [4ms]
2022-11-19 01:34:18.351 [info] > git remote --verbose [8ms]
2022-11-19 01:34:18.351 [info] > git for-each-ref --sort -committerdate --format %(refname) %(objectname) %(*objectname) [11ms]
2022-11-19 01:34:18.352 [info] > git config --get commit.template [1ms]
2022-11-19 01:34:18.358 [info] > git for-each-ref --format=%(refname)%00%(upstream:short)%00%(objectname)%00%(upstream:track)%00%(upstream:remotename)%00%(upstream:remoteref) refs/heads/master refs/remotes/master [1ms]
2022-11-19 01:34:18.835 [info] > git show --textconv :fish/config.fish [4ms]
2022-11-19 01:34:18.835 [info] > git ls-files --stage -- /home/liljekvist/.config/fish/config.fish [1ms]
2022-11-19 01:34:18.840 [info] > git cat-file -s a19f8e5268f427675f8a8b45dbffd4bba0052d21 [1ms]
2022-11-19 01:34:18.883 [info] > git check-ignore -v -z --stdin [1ms]
2022-11-19 01:34:23.391 [info] > git status -z -uall [7ms]
2022-11-19 01:34:23.391 [info] > git remote --verbose [13ms]
2022-11-19 01:34:23.392 [info] > git for-each-ref --sort -committerdate --format %(refname) %(objectname) %(*objectname) [19ms]
2022-11-19 01:34:23.393 [info] > git config --get commit.template [3ms]
2022-11-19 01:34:23.404 [info] > git for-each-ref --format=%(refname)%00%(upstream:short)%00%(objectname)%00%(upstream:track)%00%(upstream:remotename)%00%(upstream:remoteref) refs/heads/master refs/remotes/master [2ms]
2022-11-19 01:34:28.430 [info] > git status -z -uall [4ms]
2022-11-19 01:34:28.430 [info] > git remote --verbose [7ms]
2022-11-19 01:34:28.430 [info] > git for-each-ref --sort -committerdate --format %(refname) %(objectname) %(*objectname) [10ms]
2022-11-19 01:34:28.431 [info] > git config --get commit.template [2ms]
2022-11-19 01:34:28.437 [info] > git for-each-ref --format=%(refname)%00%(upstream:short)%00%(objectname)%00%(upstream:track)%00%(upstream:remotename)%00%(upstream:remoteref) refs/heads/master refs/remotes/master [1ms]
2022-11-19 01:34:33.494 [info] > git status -z -uall [13ms]
2022-11-19 01:34:33.494 [info] > git remote --verbose [24ms]
2022-11-19 01:34:33.495 [info] > git for-each-ref --sort -committerdate --format %(refname) %(objectname) %(*objectname) [35ms]
2022-11-19 01:34:33.495 [info] > git config --get commit.template [1ms]
2022-11-19 01:34:33.502 [info] > git for-each-ref --format=%(refname)%00%(upstream:short)%00%(objectname)%00%(upstream:track)%00%(upstream:remotename)%00%(upstream:remoteref) refs/heads/master refs/remotes/master [2ms]
2022-11-19 01:34:38.644 [info] > git status -z -uall [8ms]
2022-11-19 01:34:38.644 [info] > git remote --verbose [12ms]
2022-11-19 01:34:38.644 [info] > git for-each-ref --sort -committerdate --format %(refname) %(objectname) %(*objectname) [18ms]
2022-11-19 01:34:38.645 [info] > git config --get commit.template [2ms]
2022-11-19 01:34:38.654 [info] > git for-each-ref --format=%(refname)%00%(upstream:short)%00%(objectname)%00%(upstream:track)%00%(upstream:remotename)%00%(upstream:remoteref) refs/heads/master refs/remotes/master [2ms]
2022-11-19 01:34:43.676 [info] > git status -z -uall [4ms]
2022-11-19 01:34:43.676 [info] > git remote --verbose [7ms]
2022-11-19 01:34:43.676 [info] > git for-each-ref --sort -committerdate --format %(refname) %(objectname) %(*objectname) [10ms]
2022-11-19 01:34:43.678 [info] > git config --get commit.template [3ms]
2022-11-19 01:34:43.685 [info] > git for-each-ref --format=%(refname)%00%(upstream:short)%00%(objectname)%00%(upstream:track)%00%(upstream:remotename)%00%(upstream:remoteref) refs/heads/master refs/remotes/master [1ms]
2022-11-19 01:34:48.711 [info] > git status -z -uall [4ms]
2022-11-19 01:34:48.711 [info] > git remote --verbose [8ms]
2022-11-19 01:34:48.711 [info] > git for-each-ref --sort -committerdate --format %(refname) %(objectname) %(*objectname) [11ms]
2022-11-19 01:34:48.711 [info] > git config --get commit.template [1ms]
2022-11-19 01:34:48.719 [info] > git for-each-ref --format=%(refname)%00%(upstream:short)%00%(objectname)%00%(upstream:track)%00%(upstream:remotename)%00%(upstream:remoteref) refs/heads/master refs/remotes/master [1ms]
2022-11-19 01:34:53.737 [info] > git status -z -uall [4ms]
2022-11-19 01:34:53.737 [info] > git remote --verbose [7ms]
2022-11-19 01:34:53.737 [info] > git for-each-ref --sort -committerdate --format %(refname) %(objectname) %(*objectname) [10ms]
2022-11-19 01:34:53.738 [info] > git config --get commit.template [1ms]
2022-11-19 01:34:53.745 [info] > git for-each-ref --format=%(refname)%00%(upstream:short)%00%(objectname)%00%(upstream:track)%00%(upstream:remotename)%00%(upstream:remoteref) refs/heads/master refs/remotes/master [1ms]
2022-11-19 01:43:14.272 [info] > git rev-parse --show-toplevel [1ms]
2022-11-19 01:43:14.276 [info] > git rev-parse --git-dir --git-common-dir [1ms]
2022-11-19 01:43:14.280 [info] Log level: Info
2022-11-19 01:43:14.280 [info] Open repository: /home/liljekvist/repos/dotfiles
2022-11-19 01:43:14.293 [info] > git status -z -uall [4ms]
2022-11-19 01:43:14.293 [info] > git remote --verbose [8ms]
2022-11-19 01:43:14.293 [info] > git for-each-ref --sort -committerdate --format %(refname) %(objectname) %(*objectname) [10ms]
2022-11-19 01:43:14.293 [info] > git config --get commit.template [1ms]
2022-11-19 01:43:14.297 [info] > git for-each-ref --format=%(refname)%00%(upstream:short)%00%(objectname)%00%(upstream:track)%00%(upstream:remotename)%00%(upstream:remoteref) refs/heads/master refs/remotes/master [1ms]
2022-11-19 01:43:14.846 [info] > git check-ignore -v -z --stdin [1ms]
2022-11-19 01:44:54.769 [info] > git rev-parse --show-toplevel [2ms]
2022-11-19 01:44:54.779 [info] > git rev-parse --git-dir --git-common-dir [3ms]
2022-11-19 01:44:54.786 [info] Log level: Info
2022-11-19 01:44:54.786 [info] Open repository: /home/liljekvist/repos/.config
2022-11-19 01:44:54.813 [info] > git remote --verbose [7ms]
2022-11-19 01:44:54.814 [info] > git for-each-ref --sort -committerdate --format %(refname) %(objectname) %(*objectname) [16ms]
2022-11-19 01:44:54.814 [info] > git status -z -uall [5ms]
2022-11-19 01:44:54.814 [info] > git config --get commit.template [1ms]
2022-11-19 01:44:54.822 [info] > git for-each-ref --format=%(refname)%00%(upstream:short)%00%(objectname)%00%(upstream:track)%00%(upstream:remotename)%00%(upstream:remoteref) refs/heads/master refs/remotes/master [1ms]
2022-11-19 01:44:55.329 [info] > git check-ignore -v -z --stdin [1ms]
